[Thread-44][twocomm.core.CommunicationArtifact] 10:07:58 - Enactment done, updated enacted roles set: 
[Thread-44][twocomm.core.CommunicationArtifact] 10:07:58 - boss1 - boss played by bo whose agentId is bo
[Thread-32][twocomm.core.CommunicationArtifact] 10:07:59 - Enactment done, updated enacted roles set: 
[Thread-32][twocomm.core.CommunicationArtifact] 10:07:59 - boss1 - boss played by bo whose agentId is bo
[Thread-32][twocomm.core.CommunicationArtifact] 10:07:59 - hirer2 - hirer played by hi whose agentId is hi
[Thread-36][twocomm.core.automated.AutomatedSocialStateSingleThreaded] 10:07:59 - Automated handling for event cc(hirer2, evaluator, offerAccepted(evaluator), (offerAccepted(evaluator) THEN positionFilled(hirer2)), CONDITIONAL), op: CREATE_COMMITMENT
[Thread-36][twocomm.core.automated.AutomatedSocialStateSingleThreaded] 10:07:59 - Automated handling for event cc(hirer2, boss1, openPosition(boss1), (openPosition(boss1) THEN postJob(hirer2)), CONDITIONAL), op: CREATE_COMMITMENT
[Thread-36][twocomm.core.automated.AutomatedSocialStateSingleThreaded] 10:07:59 - Automated handling for event cc(hirer2, boss1, (postJob(hirer2) THEN (offerAccepted(evaluator) OR timeout3months(hirer2))), (postJob(hirer2) THEN ((offerAccepted(evaluator) THEN positionFilled(hirer2)) OR (timeout3months(hirer2) THEN positionAbandoned(hirer2)))), CONDITIONAL), op: CREATE_COMMITMENT
[Thread-43][twocomm.core.CommunicationArtifact] 10:07:59 - Enactment done, updated enacted roles set: 
[Thread-43][twocomm.core.CommunicationArtifact] 10:07:59 - boss1 - boss played by bo whose agentId is bo
[Thread-43][twocomm.core.CommunicationArtifact] 10:07:59 - hirer2 - hirer played by hi whose agentId is hi
[Thread-43][twocomm.core.CommunicationArtifact] 10:07:59 - evaluator4 - evaluator played by ev1 whose agentId is ev1
[Thread-47][twocomm.core.CommunicationArtifact] 10:07:59 - Enactment done, updated enacted roles set: 
[Thread-47][twocomm.core.CommunicationArtifact] 10:07:59 - boss1 - boss played by bo whose agentId is bo
[Thread-47][twocomm.core.CommunicationArtifact] 10:07:59 - hirer2 - hirer played by hi whose agentId is hi
[Thread-47][twocomm.core.CommunicationArtifact] 10:07:59 - evaluator4 - evaluator played by ev1 whose agentId is ev1
[Thread-47][twocomm.core.CommunicationArtifact] 10:07:59 - evaluator5 - evaluator played by ev3 whose agentId is ev3
[Thread-44][twocomm.core.CommunicationArtifact] 10:07:59 - Enactment done, updated enacted roles set: 
[Thread-44][twocomm.core.CommunicationArtifact] 10:07:59 - boss1 - boss played by bo whose agentId is bo
[Thread-44][twocomm.core.CommunicationArtifact] 10:07:59 - hirer2 - hirer played by hi whose agentId is hi
[Thread-44][twocomm.core.CommunicationArtifact] 10:07:59 - evaluator4 - evaluator played by ev1 whose agentId is ev1
[Thread-44][twocomm.core.CommunicationArtifact] 10:07:59 - evaluator5 - evaluator played by ev3 whose agentId is ev3
[Thread-44][twocomm.core.CommunicationArtifact] 10:07:59 - candidate6 - candidate played by ca3 whose agentId is ca3
[Thread-34][twocomm.core.CommunicationArtifact] 10:07:59 - Enactment done, updated enacted roles set: 
[Thread-34][twocomm.core.CommunicationArtifact] 10:07:59 - boss1 - boss played by bo whose agentId is bo
[Thread-34][twocomm.core.CommunicationArtifact] 10:07:59 - hirer2 - hirer played by hi whose agentId is hi
[Thread-34][twocomm.core.CommunicationArtifact] 10:07:59 - evaluator4 - evaluator played by ev1 whose agentId is ev1
[Thread-34][twocomm.core.CommunicationArtifact] 10:07:59 - evaluator5 - evaluator played by ev3 whose agentId is ev3
[Thread-34][twocomm.core.CommunicationArtifact] 10:07:59 - candidate6 - candidate played by ca3 whose agentId is ca3
[Thread-34][twocomm.core.CommunicationArtifact] 10:07:59 - evaluator7 - evaluator played by ev2 whose agentId is ev2
[Thread-31][twocomm.core.CommunicationArtifact] 10:07:59 - Enactment done, updated enacted roles set: 
[Thread-31][twocomm.core.CommunicationArtifact] 10:07:59 - boss1 - boss played by bo whose agentId is bo
[Thread-31][twocomm.core.CommunicationArtifact] 10:07:59 - hirer2 - hirer played by hi whose agentId is hi
[Thread-31][twocomm.core.CommunicationArtifact] 10:07:59 - evaluator4 - evaluator played by ev1 whose agentId is ev1
[Thread-31][twocomm.core.CommunicationArtifact] 10:07:59 - evaluator5 - evaluator played by ev3 whose agentId is ev3
[Thread-31][twocomm.core.CommunicationArtifact] 10:07:59 - candidate6 - candidate played by ca3 whose agentId is ca3
[Thread-31][twocomm.core.CommunicationArtifact] 10:07:59 - evaluator7 - evaluator played by ev2 whose agentId is ev2
[Thread-31][twocomm.core.CommunicationArtifact] 10:07:59 - candidate8 - candidate played by ca2 whose agentId is ca2
[Thread-35][twocomm.core.CommunicationArtifact] 10:07:59 - Enactment done, updated enacted roles set: 
[Thread-35][twocomm.core.CommunicationArtifact] 10:07:59 - boss1 - boss played by bo whose agentId is bo
[Thread-35][twocomm.core.CommunicationArtifact] 10:07:59 - hirer2 - hirer played by hi whose agentId is hi
[Thread-35][twocomm.core.CommunicationArtifact] 10:07:59 - evaluator4 - evaluator played by ev1 whose agentId is ev1
[Thread-35][twocomm.core.CommunicationArtifact] 10:07:59 - evaluator5 - evaluator played by ev3 whose agentId is ev3
[Thread-35][twocomm.core.CommunicationArtifact] 10:07:59 - candidate6 - candidate played by ca3 whose agentId is ca3
[Thread-35][twocomm.core.CommunicationArtifact] 10:07:59 - evaluator7 - evaluator played by ev2 whose agentId is ev2
[Thread-35][twocomm.core.CommunicationArtifact] 10:07:59 - candidate8 - candidate played by ca2 whose agentId is ca2
[Thread-35][twocomm.core.CommunicationArtifact] 10:07:59 - candidate9 - candidate played by ca1 whose agentId is ca1
[Thread-28][twocomm.core.automated.AutomatedSocialStateSingleThreaded] 10:07:59 - Automated handling for event cc(evaluator4, hirer2, (postJob(hirer2) THEN apply(candidate6)), (postJob(hirer2) THEN (apply(candidate6) THEN ((positionFilled(hirer2) THEN msgPositionClosed(evaluator4)) OR ((checkPosition(evaluator4) THEN msgPositionClosed(evaluator4)) OR (checkPosition(evaluator4) THEN (screenInterview(evaluator4) THEN (msgRejectionNotice(evaluator4) OR (makeOffer(evaluator4) THEN ((responseYes(candidate6) THEN offerAccepted(evaluator4)) OR (responseNo(candidate6) THEN offerRejected(evaluator4))))))))))), CONDITIONAL), op: CREATE_COMMITMENT
[Thread-28][twocomm.core.automated.AutomatedSocialStateSingleThreaded] 10:07:59 - Automated handling for event cc(evaluator4, candidate6, (postJob(hirer2) THEN apply(candidate6)), (postJob(hirer2) THEN (apply(candidate6) THEN (msgPositionClosed(evaluator4) OR (msgRejectionNotice(evaluator4) OR makeOffer(evaluator4))))), CONDITIONAL), op: CREATE_COMMITMENT
[Thread-28][twocomm.core.automated.AutomatedSocialStateSingleThreaded] 10:07:59 - Automated handling for event cc(candidate6, evaluator4, makeOffer(evaluator4), (makeOffer(evaluator4) THEN (responseYes(candidate6) OR responseNo(candidate6))), CONDITIONAL), op: CREATE_COMMITMENT
[Thread-37][twocomm.core.automated.AutomatedSocialStateSingleThreaded] 10:07:59 - Automated handling for event cc(evaluator5, hirer2, (postJob(hirer2) THEN apply(candidate8)), (postJob(hirer2) THEN (apply(candidate8) THEN ((positionFilled(hirer2) THEN msgPositionClosed(evaluator5)) OR ((checkPosition(evaluator5) THEN msgPositionClosed(evaluator5)) OR (checkPosition(evaluator5) THEN (screenInterview(evaluator5) THEN (msgRejectionNotice(evaluator5) OR (makeOffer(evaluator5) THEN ((responseYes(candidate8) THEN offerAccepted(evaluator5)) OR (responseNo(candidate8) THEN offerRejected(evaluator5))))))))))), CONDITIONAL), op: CREATE_COMMITMENT
[Thread-37][twocomm.core.automated.AutomatedSocialStateSingleThreaded] 10:07:59 - Automated handling for event cc(evaluator5, candidate8, (postJob(hirer2) THEN apply(candidate8)), (postJob(hirer2) THEN (apply(candidate8) THEN (msgPositionClosed(evaluator5) OR (msgRejectionNotice(evaluator5) OR makeOffer(evaluator5))))), CONDITIONAL), op: CREATE_COMMITMENT
[Thread-37][twocomm.core.automated.AutomatedSocialStateSingleThreaded] 10:07:59 - Automated handling for event cc(candidate8, evaluator5, makeOffer(evaluator5), (makeOffer(evaluator5) THEN (responseYes(candidate8) OR responseNo(candidate8))), CONDITIONAL), op: CREATE_COMMITMENT
[Thread-32][twocomm.core.automated.AutomatedSocialStateSingleThreaded] 10:07:59 - Automated handling for event cc(evaluator7, hirer2, (postJob(hirer2) THEN apply(candidate9)), (postJob(hirer2) THEN (apply(candidate9) THEN ((positionFilled(hirer2) THEN msgPositionClosed(evaluator7)) OR ((checkPosition(evaluator7) THEN msgPositionClosed(evaluator7)) OR (checkPosition(evaluator7) THEN (screenInterview(evaluator7) THEN (msgRejectionNotice(evaluator7) OR (makeOffer(evaluator7) THEN ((responseYes(candidate9) THEN offerAccepted(evaluator7)) OR (responseNo(candidate9) THEN offerRejected(evaluator7))))))))))), CONDITIONAL), op: CREATE_COMMITMENT
[Thread-32][twocomm.core.automated.AutomatedSocialStateSingleThreaded] 10:07:59 - Automated handling for event cc(evaluator7, candidate9, (postJob(hirer2) THEN apply(candidate9)), (postJob(hirer2) THEN (apply(candidate9) THEN (msgPositionClosed(evaluator7) OR (msgRejectionNotice(evaluator7) OR makeOffer(evaluator7))))), CONDITIONAL), op: CREATE_COMMITMENT
[Thread-32][twocomm.core.automated.AutomatedSocialStateSingleThreaded] 10:07:59 - Automated handling for event cc(candidate9, evaluator7, makeOffer(evaluator7), (makeOffer(evaluator7) THEN (responseYes(candidate9) OR responseNo(candidate9))), CONDITIONAL), op: CREATE_COMMITMENT
[Thread-43][twocomm.core.automated.AutomatedSocialStateSingleThreaded] 10:08:03 - Automated handling for event openPosition(boss1), op: FACT_ASSERTED
[Thread-43][twocomm.core.automated.AutomatedSocialStateSingleThreaded] 10:08:03 - Retrieving commitments for openPosition(boss1)
[Thread-43][twocomm.core.automated.AutomatedSocialStateSingleThreaded] 10:08:03 - Expression *openPosition(boss1)* verified.
[Thread-43][twocomm.core.automated.AutomatedSocialStateSingleThreaded] 10:08:03 - Automated handling for event cc(hirer2, boss1, openPosition(boss1), (openPosition(boss1) THEN postJob(hirer2)), DETACHED), op: DETACH_COMMITMENT
[Thread-43][twocomm.core.automated.AutomatedSocialStateSingleThreaded] 10:08:03 - Commitment changed to detached: cc(hirer2, boss1, openPosition(boss1), (openPosition(boss1) THEN postJob(hirer2)), DETACHED)
[Thread-29][twocomm.core.automated.AutomatedSocialStateSingleThreaded] 10:08:07 - Automated handling for event postJob(hirer2), op: FACT_ASSERTED
[Thread-29][twocomm.core.automated.AutomatedSocialStateSingleThreaded] 10:08:07 - Retrieving commitments for postJob(hirer2)
[Thread-29][twocomm.core.automated.AutomatedSocialStateSingleThreaded] 10:08:07 - Expression *postJob(hirer2)* verified.
[Thread-29][twocomm.core.automated.AutomatedSocialStateSingleThreaded] 10:08:07 - THEN Expression *(openPosition(boss1) THEN postJob(hirer2))* verified.
[Thread-29][twocomm.core.automated.AutomatedSocialStateSingleThreaded] 10:08:07 - Automated handling for event cc(hirer2, boss1, openPosition(boss1), (openPosition(boss1) THEN postJob(hirer2)), SATISFIED), op: SATISFY_COMMITMENT
[Thread-29][twocomm.core.automated.AutomatedSocialStateSingleThreaded] 10:08:07 - Commitment changed to satisfied: cc(hirer2, boss1, openPosition(boss1), (openPosition(boss1) THEN postJob(hirer2)), SATISFIED)
[Thread-29][twocomm.core.automated.AutomatedSocialStateSingleThreaded] 10:08:07 - Expression *postJob(hirer2)* verified.
[Thread-29][twocomm.core.automated.AutomatedSocialStateSingleThreaded] 10:08:07 - Expression *postJob(hirer2)* verified.
[Thread-29][twocomm.core.automated.AutomatedSocialStateSingleThreaded] 10:08:07 - Expression *postJob(hirer2)* verified.
[Thread-34][twocomm.core.automated.AutomatedSocialStateSingleThreaded] 10:08:09 - Automated handling for event apply(candidate9), op: FACT_ASSERTED
[Thread-34][twocomm.core.automated.AutomatedSocialStateSingleThreaded] 10:08:09 - Retrieving commitments for apply(candidate9)
[Thread-34][twocomm.core.automated.AutomatedSocialStateSingleThreaded] 10:08:09 - Expression *apply(candidate9)* verified.
[Thread-34][twocomm.core.automated.AutomatedSocialStateSingleThreaded] 10:08:09 - THEN Expression *(postJob(hirer2) THEN apply(candidate9))* verified.
[Thread-34][twocomm.core.automated.AutomatedSocialStateSingleThreaded] 10:08:09 - Automated handling for event cc(evaluator7, hirer2, (postJob(hirer2) THEN apply(candidate9)), (postJob(hirer2) THEN (apply(candidate9) THEN ((positionFilled(hirer2) THEN msgPositionClosed(evaluator7)) OR ((checkPosition(evaluator7) THEN msgPositionClosed(evaluator7)) OR (checkPosition(evaluator7) THEN (screenInterview(evaluator7) THEN (msgRejectionNotice(evaluator7) OR (makeOffer(evaluator7) THEN ((responseYes(candidate9) THEN offerAccepted(evaluator7)) OR (responseNo(candidate9) THEN offerRejected(evaluator7))))))))))), DETACHED), op: DETACH_COMMITMENT
[Thread-34][twocomm.core.automated.AutomatedSocialStateSingleThreaded] 10:08:09 - Commitment changed to detached: cc(evaluator7, hirer2, (postJob(hirer2) THEN apply(candidate9)), (postJob(hirer2) THEN (apply(candidate9) THEN ((positionFilled(hirer2) THEN msgPositionClosed(evaluator7)) OR ((checkPosition(evaluator7) THEN msgPositionClosed(evaluator7)) OR (checkPosition(evaluator7) THEN (screenInterview(evaluator7) THEN (msgRejectionNotice(evaluator7) OR (makeOffer(evaluator7) THEN ((responseYes(candidate9) THEN offerAccepted(evaluator7)) OR (responseNo(candidate9) THEN offerRejected(evaluator7))))))))))), DETACHED)
[Thread-34][twocomm.core.automated.AutomatedSocialStateSingleThreaded] 10:08:09 - THEN Expression *(postJob(hirer2) THEN apply(candidate9))* verified.
[Thread-34][twocomm.core.automated.AutomatedSocialStateSingleThreaded] 10:08:09 - Automated handling for event cc(evaluator7, candidate9, (postJob(hirer2) THEN apply(candidate9)), (postJob(hirer2) THEN (apply(candidate9) THEN (msgPositionClosed(evaluator7) OR (msgRejectionNotice(evaluator7) OR makeOffer(evaluator7))))), DETACHED), op: DETACH_COMMITMENT
[Thread-34][twocomm.core.automated.AutomatedSocialStateSingleThreaded] 10:08:09 - Commitment changed to detached: cc(evaluator7, candidate9, (postJob(hirer2) THEN apply(candidate9)), (postJob(hirer2) THEN (apply(candidate9) THEN (msgPositionClosed(evaluator7) OR (msgRejectionNotice(evaluator7) OR makeOffer(evaluator7))))), DETACHED)
[Thread-38][twocomm.core.automated.AutomatedSocialStateSingleThreaded] 10:08:10 - Automated handling for event checkPosition(evaluator7), op: FACT_ASSERTED
[Thread-38][twocomm.core.automated.AutomatedSocialStateSingleThreaded] 10:08:10 - Retrieving commitments for checkPosition(evaluator7)
[Thread-38][twocomm.core.automated.AutomatedSocialStateSingleThreaded] 10:08:10 - Expression *checkPosition(evaluator7)* verified.
[Thread-43][twocomm.core.automated.AutomatedSocialStateSingleThreaded] 10:08:10 - Automated handling for event apply(candidate6), op: FACT_ASSERTED
[Thread-43][twocomm.core.automated.AutomatedSocialStateSingleThreaded] 10:08:10 - Retrieving commitments for apply(candidate6)
[Thread-43][twocomm.core.automated.AutomatedSocialStateSingleThreaded] 10:08:10 - Expression *apply(candidate6)* verified.
[Thread-43][twocomm.core.automated.AutomatedSocialStateSingleThreaded] 10:08:10 - THEN Expression *(postJob(hirer2) THEN apply(candidate6))* verified.
[Thread-43][twocomm.core.automated.AutomatedSocialStateSingleThreaded] 10:08:10 - Automated handling for event cc(evaluator4, hirer2, (postJob(hirer2) THEN apply(candidate6)), (postJob(hirer2) THEN (apply(candidate6) THEN ((positionFilled(hirer2) THEN msgPositionClosed(evaluator4)) OR ((checkPosition(evaluator4) THEN msgPositionClosed(evaluator4)) OR (checkPosition(evaluator4) THEN (screenInterview(evaluator4) THEN (msgRejectionNotice(evaluator4) OR (makeOffer(evaluator4) THEN ((responseYes(candidate6) THEN offerAccepted(evaluator4)) OR (responseNo(candidate6) THEN offerRejected(evaluator4))))))))))), DETACHED), op: DETACH_COMMITMENT
[Thread-43][twocomm.core.automated.AutomatedSocialStateSingleThreaded] 10:08:10 - Commitment changed to detached: cc(evaluator4, hirer2, (postJob(hirer2) THEN apply(candidate6)), (postJob(hirer2) THEN (apply(candidate6) THEN ((positionFilled(hirer2) THEN msgPositionClosed(evaluator4)) OR ((checkPosition(evaluator4) THEN msgPositionClosed(evaluator4)) OR (checkPosition(evaluator4) THEN (screenInterview(evaluator4) THEN (msgRejectionNotice(evaluator4) OR (makeOffer(evaluator4) THEN ((responseYes(candidate6) THEN offerAccepted(evaluator4)) OR (responseNo(candidate6) THEN offerRejected(evaluator4))))))))))), DETACHED)
[Thread-43][twocomm.core.automated.AutomatedSocialStateSingleThreaded] 10:08:10 - THEN Expression *(postJob(hirer2) THEN apply(candidate6))* verified.
[Thread-43][twocomm.core.automated.AutomatedSocialStateSingleThreaded] 10:08:10 - Automated handling for event cc(evaluator4, candidate6, (postJob(hirer2) THEN apply(candidate6)), (postJob(hirer2) THEN (apply(candidate6) THEN (msgPositionClosed(evaluator4) OR (msgRejectionNotice(evaluator4) OR makeOffer(evaluator4))))), DETACHED), op: DETACH_COMMITMENT
[Thread-43][twocomm.core.automated.AutomatedSocialStateSingleThreaded] 10:08:10 - Commitment changed to detached: cc(evaluator4, candidate6, (postJob(hirer2) THEN apply(candidate6)), (postJob(hirer2) THEN (apply(candidate6) THEN (msgPositionClosed(evaluator4) OR (msgRejectionNotice(evaluator4) OR makeOffer(evaluator4))))), DETACHED)
[Thread-29][twocomm.core.automated.AutomatedSocialStateSingleThreaded] 10:08:12 - Automated handling for event apply(candidate8), op: FACT_ASSERTED
[Thread-29][twocomm.core.automated.AutomatedSocialStateSingleThreaded] 10:08:12 - Retrieving commitments for apply(candidate8)
[Thread-29][twocomm.core.automated.AutomatedSocialStateSingleThreaded] 10:08:12 - Expression *apply(candidate8)* verified.
[Thread-29][twocomm.core.automated.AutomatedSocialStateSingleThreaded] 10:08:12 - THEN Expression *(postJob(hirer2) THEN apply(candidate8))* verified.
[Thread-29][twocomm.core.automated.AutomatedSocialStateSingleThreaded] 10:08:12 - Automated handling for event cc(evaluator5, hirer2, (postJob(hirer2) THEN apply(candidate8)), (postJob(hirer2) THEN (apply(candidate8) THEN ((positionFilled(hirer2) THEN msgPositionClosed(evaluator5)) OR ((checkPosition(evaluator5) THEN msgPositionClosed(evaluator5)) OR (checkPosition(evaluator5) THEN (screenInterview(evaluator5) THEN (msgRejectionNotice(evaluator5) OR (makeOffer(evaluator5) THEN ((responseYes(candidate8) THEN offerAccepted(evaluator5)) OR (responseNo(candidate8) THEN offerRejected(evaluator5))))))))))), DETACHED), op: DETACH_COMMITMENT
[Thread-29][twocomm.core.automated.AutomatedSocialStateSingleThreaded] 10:08:12 - Commitment changed to detached: cc(evaluator5, hirer2, (postJob(hirer2) THEN apply(candidate8)), (postJob(hirer2) THEN (apply(candidate8) THEN ((positionFilled(hirer2) THEN msgPositionClosed(evaluator5)) OR ((checkPosition(evaluator5) THEN msgPositionClosed(evaluator5)) OR (checkPosition(evaluator5) THEN (screenInterview(evaluator5) THEN (msgRejectionNotice(evaluator5) OR (makeOffer(evaluator5) THEN ((responseYes(candidate8) THEN offerAccepted(evaluator5)) OR (responseNo(candidate8) THEN offerRejected(evaluator5))))))))))), DETACHED)
[Thread-29][twocomm.core.automated.AutomatedSocialStateSingleThreaded] 10:08:12 - THEN Expression *(postJob(hirer2) THEN apply(candidate8))* verified.
[Thread-29][twocomm.core.automated.AutomatedSocialStateSingleThreaded] 10:08:12 - Automated handling for event cc(evaluator5, candidate8, (postJob(hirer2) THEN apply(candidate8)), (postJob(hirer2) THEN (apply(candidate8) THEN (msgPositionClosed(evaluator5) OR (msgRejectionNotice(evaluator5) OR makeOffer(evaluator5))))), DETACHED), op: DETACH_COMMITMENT
[Thread-29][twocomm.core.automated.AutomatedSocialStateSingleThreaded] 10:08:12 - Commitment changed to detached: cc(evaluator5, candidate8, (postJob(hirer2) THEN apply(candidate8)), (postJob(hirer2) THEN (apply(candidate8) THEN (msgPositionClosed(evaluator5) OR (msgRejectionNotice(evaluator5) OR makeOffer(evaluator5))))), DETACHED)
[Thread-32][twocomm.core.automated.AutomatedSocialStateSingleThreaded] 10:08:12 - Automated handling for event screenInterview(evaluator7), op: FACT_ASSERTED
[Thread-32][twocomm.core.automated.AutomatedSocialStateSingleThreaded] 10:08:12 - Retrieving commitments for screenInterview(evaluator7)
[Thread-32][twocomm.core.automated.AutomatedSocialStateSingleThreaded] 10:08:12 - Expression *screenInterview(evaluator7)* verified.
[Thread-38][twocomm.core.automated.AutomatedSocialStateSingleThreaded] 10:08:15 - Automated handling for event makeOffer(evaluator7), op: FACT_ASSERTED
[Thread-38][twocomm.core.automated.AutomatedSocialStateSingleThreaded] 10:08:15 - Retrieving commitments for makeOffer(evaluator7)
[Thread-38][twocomm.core.automated.AutomatedSocialStateSingleThreaded] 10:08:15 - Expression *makeOffer(evaluator7)* verified.
[Thread-38][twocomm.core.automated.AutomatedSocialStateSingleThreaded] 10:08:15 - OR Expression *(msgRejectionNotice(evaluator7) OR makeOffer(evaluator7))* verified.
[Thread-38][twocomm.core.automated.AutomatedSocialStateSingleThreaded] 10:08:15 - OR Expression *(msgPositionClosed(evaluator7) OR (msgRejectionNotice(evaluator7) OR makeOffer(evaluator7)))* verified.
[Thread-38][twocomm.core.automated.AutomatedSocialStateSingleThreaded] 10:08:15 - THEN Expression *(apply(candidate9) THEN (msgPositionClosed(evaluator7) OR (msgRejectionNotice(evaluator7) OR makeOffer(evaluator7))))* verified.
[Thread-38][twocomm.core.automated.AutomatedSocialStateSingleThreaded] 10:08:15 - THEN Expression *(postJob(hirer2) THEN (apply(candidate9) THEN (msgPositionClosed(evaluator7) OR (msgRejectionNotice(evaluator7) OR makeOffer(evaluator7)))))* verified.
[Thread-38][twocomm.core.automated.AutomatedSocialStateSingleThreaded] 10:08:15 - Automated handling for event cc(evaluator7, candidate9, (postJob(hirer2) THEN apply(candidate9)), (postJob(hirer2) THEN (apply(candidate9) THEN (msgPositionClosed(evaluator7) OR (msgRejectionNotice(evaluator7) OR makeOffer(evaluator7))))), SATISFIED), op: SATISFY_COMMITMENT
[Thread-38][twocomm.core.automated.AutomatedSocialStateSingleThreaded] 10:08:15 - Commitment changed to satisfied: cc(evaluator7, candidate9, (postJob(hirer2) THEN apply(candidate9)), (postJob(hirer2) THEN (apply(candidate9) THEN (msgPositionClosed(evaluator7) OR (msgRejectionNotice(evaluator7) OR makeOffer(evaluator7))))), SATISFIED)
[Thread-38][twocomm.core.automated.AutomatedSocialStateSingleThreaded] 10:08:15 - Expression *makeOffer(evaluator7)* verified.
[Thread-38][twocomm.core.automated.AutomatedSocialStateSingleThreaded] 10:08:15 - Automated handling for event cc(candidate9, evaluator7, makeOffer(evaluator7), (makeOffer(evaluator7) THEN (responseYes(candidate9) OR responseNo(candidate9))), DETACHED), op: DETACH_COMMITMENT
[Thread-38][twocomm.core.automated.AutomatedSocialStateSingleThreaded] 10:08:15 - Commitment changed to detached: cc(candidate9, evaluator7, makeOffer(evaluator7), (makeOffer(evaluator7) THEN (responseYes(candidate9) OR responseNo(candidate9))), DETACHED)
[Thread-43][twocomm.core.automated.AutomatedSocialStateSingleThreaded] 10:08:19 - Automated handling for event checkPosition(evaluator4), op: FACT_ASSERTED
[Thread-43][twocomm.core.automated.AutomatedSocialStateSingleThreaded] 10:08:19 - Retrieving commitments for checkPosition(evaluator4)
[Thread-43][twocomm.core.automated.AutomatedSocialStateSingleThreaded] 10:08:19 - Expression *checkPosition(evaluator4)* verified.
[Thread-46][twocomm.core.automated.AutomatedSocialStateSingleThreaded] 10:08:19 - Automated handling for event checkPosition(evaluator5), op: FACT_ASSERTED
[Thread-46][twocomm.core.automated.AutomatedSocialStateSingleThreaded] 10:08:19 - Retrieving commitments for checkPosition(evaluator5)
[Thread-46][twocomm.core.automated.AutomatedSocialStateSingleThreaded] 10:08:19 - Expression *checkPosition(evaluator5)* verified.
[Thread-32][twocomm.core.automated.AutomatedSocialStateSingleThreaded] 10:08:20 - Automated handling for event responseNo(candidate9), op: FACT_ASSERTED
[Thread-32][twocomm.core.automated.AutomatedSocialStateSingleThreaded] 10:08:20 - Retrieving commitments for responseNo(candidate9)
[Thread-32][twocomm.core.automated.AutomatedSocialStateSingleThreaded] 10:08:20 - Expression *responseNo(candidate9)* verified.
[Thread-32][twocomm.core.automated.AutomatedSocialStateSingleThreaded] 10:08:20 - OR Expression *(responseYes(candidate9) OR responseNo(candidate9))* verified.
[Thread-32][twocomm.core.automated.AutomatedSocialStateSingleThreaded] 10:08:20 - THEN Expression *(makeOffer(evaluator7) THEN (responseYes(candidate9) OR responseNo(candidate9)))* verified.
[Thread-32][twocomm.core.automated.AutomatedSocialStateSingleThreaded] 10:08:20 - Automated handling for event cc(candidate9, evaluator7, makeOffer(evaluator7), (makeOffer(evaluator7) THEN (responseYes(candidate9) OR responseNo(candidate9))), SATISFIED), op: SATISFY_COMMITMENT
[Thread-32][twocomm.core.automated.AutomatedSocialStateSingleThreaded] 10:08:20 - Commitment changed to satisfied: cc(candidate9, evaluator7, makeOffer(evaluator7), (makeOffer(evaluator7) THEN (responseYes(candidate9) OR responseNo(candidate9))), SATISFIED)
[Thread-35][twocomm.core.automated.AutomatedSocialStateSingleThreaded] 10:08:21 - Automated handling for event screenInterview(evaluator4), op: FACT_ASSERTED
[Thread-35][twocomm.core.automated.AutomatedSocialStateSingleThreaded] 10:08:21 - Retrieving commitments for screenInterview(evaluator4)
[Thread-35][twocomm.core.automated.AutomatedSocialStateSingleThreaded] 10:08:21 - Expression *screenInterview(evaluator4)* verified.
[Thread-45][twocomm.core.automated.AutomatedSocialStateSingleThreaded] 10:08:23 - Automated handling for event offerRejected(evaluator7), op: FACT_ASSERTED
[Thread-45][twocomm.core.automated.AutomatedSocialStateSingleThreaded] 10:08:23 - Retrieving commitments for offerRejected(evaluator7)
[Thread-45][twocomm.core.automated.AutomatedSocialStateSingleThreaded] 10:08:23 - Expression *offerRejected(evaluator7)* verified.
[Thread-45][twocomm.core.automated.AutomatedSocialStateSingleThreaded] 10:08:23 - THEN Expression *(responseNo(candidate9) THEN offerRejected(evaluator7))* verified.
[Thread-45][twocomm.core.automated.AutomatedSocialStateSingleThreaded] 10:08:23 - OR Expression *((responseYes(candidate9) THEN offerAccepted(evaluator7)) OR (responseNo(candidate9) THEN offerRejected(evaluator7)))* verified.
[Thread-45][twocomm.core.automated.AutomatedSocialStateSingleThreaded] 10:08:23 - THEN Expression *(makeOffer(evaluator7) THEN ((responseYes(candidate9) THEN offerAccepted(evaluator7)) OR (responseNo(candidate9) THEN offerRejected(evaluator7))))* verified.
[Thread-45][twocomm.core.automated.AutomatedSocialStateSingleThreaded] 10:08:23 - OR Expression *(msgRejectionNotice(evaluator7) OR (makeOffer(evaluator7) THEN ((responseYes(candidate9) THEN offerAccepted(evaluator7)) OR (responseNo(candidate9) THEN offerRejected(evaluator7)))))* verified.
[Thread-45][twocomm.core.automated.AutomatedSocialStateSingleThreaded] 10:08:23 - THEN Expression *(screenInterview(evaluator7) THEN (msgRejectionNotice(evaluator7) OR (makeOffer(evaluator7) THEN ((responseYes(candidate9) THEN offerAccepted(evaluator7)) OR (responseNo(candidate9) THEN offerRejected(evaluator7))))))* verified.
[Thread-45][twocomm.core.automated.AutomatedSocialStateSingleThreaded] 10:08:23 - THEN Expression *(checkPosition(evaluator7) THEN (screenInterview(evaluator7) THEN (msgRejectionNotice(evaluator7) OR (makeOffer(evaluator7) THEN ((responseYes(candidate9) THEN offerAccepted(evaluator7)) OR (responseNo(candidate9) THEN offerRejected(evaluator7)))))))* verified.
[Thread-45][twocomm.core.automated.AutomatedSocialStateSingleThreaded] 10:08:23 - OR Expression *((checkPosition(evaluator7) THEN msgPositionClosed(evaluator7)) OR (checkPosition(evaluator7) THEN (screenInterview(evaluator7) THEN (msgRejectionNotice(evaluator7) OR (makeOffer(evaluator7) THEN ((responseYes(candidate9) THEN offerAccepted(evaluator7)) OR (responseNo(candidate9) THEN offerRejected(evaluator7))))))))* verified.
[Thread-45][twocomm.core.automated.AutomatedSocialStateSingleThreaded] 10:08:23 - OR Expression *((positionFilled(hirer2) THEN msgPositionClosed(evaluator7)) OR ((checkPosition(evaluator7) THEN msgPositionClosed(evaluator7)) OR (checkPosition(evaluator7) THEN (screenInterview(evaluator7) THEN (msgRejectionNotice(evaluator7) OR (makeOffer(evaluator7) THEN ((responseYes(candidate9) THEN offerAccepted(evaluator7)) OR (responseNo(candidate9) THEN offerRejected(evaluator7)))))))))* verified.
[Thread-45][twocomm.core.automated.AutomatedSocialStateSingleThreaded] 10:08:23 - THEN Expression *(apply(candidate9) THEN ((positionFilled(hirer2) THEN msgPositionClosed(evaluator7)) OR ((checkPosition(evaluator7) THEN msgPositionClosed(evaluator7)) OR (checkPosition(evaluator7) THEN (screenInterview(evaluator7) THEN (msgRejectionNotice(evaluator7) OR (makeOffer(evaluator7) THEN ((responseYes(candidate9) THEN offerAccepted(evaluator7)) OR (responseNo(candidate9) THEN offerRejected(evaluator7))))))))))* verified.
[Thread-45][twocomm.core.automated.AutomatedSocialStateSingleThreaded] 10:08:23 - THEN Expression *(postJob(hirer2) THEN (apply(candidate9) THEN ((positionFilled(hirer2) THEN msgPositionClosed(evaluator7)) OR ((checkPosition(evaluator7) THEN msgPositionClosed(evaluator7)) OR (checkPosition(evaluator7) THEN (screenInterview(evaluator7) THEN (msgRejectionNotice(evaluator7) OR (makeOffer(evaluator7) THEN ((responseYes(candidate9) THEN offerAccepted(evaluator7)) OR (responseNo(candidate9) THEN offerRejected(evaluator7)))))))))))* verified.
[Thread-45][twocomm.core.automated.AutomatedSocialStateSingleThreaded] 10:08:23 - Automated handling for event cc(evaluator7, hirer2, (postJob(hirer2) THEN apply(candidate9)), (postJob(hirer2) THEN (apply(candidate9) THEN ((positionFilled(hirer2) THEN msgPositionClosed(evaluator7)) OR ((checkPosition(evaluator7) THEN msgPositionClosed(evaluator7)) OR (checkPosition(evaluator7) THEN (screenInterview(evaluator7) THEN (msgRejectionNotice(evaluator7) OR (makeOffer(evaluator7) THEN ((responseYes(candidate9) THEN offerAccepted(evaluator7)) OR (responseNo(candidate9) THEN offerRejected(evaluator7))))))))))), SATISFIED), op: SATISFY_COMMITMENT
[Thread-45][twocomm.core.automated.AutomatedSocialStateSingleThreaded] 10:08:23 - Commitment changed to satisfied: cc(evaluator7, hirer2, (postJob(hirer2) THEN apply(candidate9)), (postJob(hirer2) THEN (apply(candidate9) THEN ((positionFilled(hirer2) THEN msgPositionClosed(evaluator7)) OR ((checkPosition(evaluator7) THEN msgPositionClosed(evaluator7)) OR (checkPosition(evaluator7) THEN (screenInterview(evaluator7) THEN (msgRejectionNotice(evaluator7) OR (makeOffer(evaluator7) THEN ((responseYes(candidate9) THEN offerAccepted(evaluator7)) OR (responseNo(candidate9) THEN offerRejected(evaluator7))))))))))), SATISFIED)
[Thread-40][twocomm.core.automated.AutomatedSocialStateSingleThreaded] 10:08:23 - Automated handling for event screenInterview(evaluator5), op: FACT_ASSERTED
[Thread-40][twocomm.core.automated.AutomatedSocialStateSingleThreaded] 10:08:23 - Retrieving commitments for screenInterview(evaluator5)
[Thread-40][twocomm.core.automated.AutomatedSocialStateSingleThreaded] 10:08:23 - Expression *screenInterview(evaluator5)* verified.
[Thread-36][twocomm.core.automated.AutomatedSocialStateSingleThreaded] 10:08:24 - Automated handling for event msgRejectionNotice(evaluator4), op: FACT_ASSERTED
[Thread-36][twocomm.core.automated.AutomatedSocialStateSingleThreaded] 10:08:24 - Retrieving commitments for msgRejectionNotice(evaluator4)
[Thread-36][twocomm.core.automated.AutomatedSocialStateSingleThreaded] 10:08:24 - Expression *msgRejectionNotice(evaluator4)* verified.
[Thread-36][twocomm.core.automated.AutomatedSocialStateSingleThreaded] 10:08:24 - OR Expression *(msgRejectionNotice(evaluator4) OR (makeOffer(evaluator4) THEN ((responseYes(candidate6) THEN offerAccepted(evaluator4)) OR (responseNo(candidate6) THEN offerRejected(evaluator4)))))* verified.
[Thread-36][twocomm.core.automated.AutomatedSocialStateSingleThreaded] 10:08:24 - THEN Expression *(screenInterview(evaluator4) THEN (msgRejectionNotice(evaluator4) OR (makeOffer(evaluator4) THEN ((responseYes(candidate6) THEN offerAccepted(evaluator4)) OR (responseNo(candidate6) THEN offerRejected(evaluator4))))))* verified.
[Thread-36][twocomm.core.automated.AutomatedSocialStateSingleThreaded] 10:08:24 - THEN Expression *(checkPosition(evaluator4) THEN (screenInterview(evaluator4) THEN (msgRejectionNotice(evaluator4) OR (makeOffer(evaluator4) THEN ((responseYes(candidate6) THEN offerAccepted(evaluator4)) OR (responseNo(candidate6) THEN offerRejected(evaluator4)))))))* verified.
[Thread-36][twocomm.core.automated.AutomatedSocialStateSingleThreaded] 10:08:24 - OR Expression *((checkPosition(evaluator4) THEN msgPositionClosed(evaluator4)) OR (checkPosition(evaluator4) THEN (screenInterview(evaluator4) THEN (msgRejectionNotice(evaluator4) OR (makeOffer(evaluator4) THEN ((responseYes(candidate6) THEN offerAccepted(evaluator4)) OR (responseNo(candidate6) THEN offerRejected(evaluator4))))))))* verified.
[Thread-36][twocomm.core.automated.AutomatedSocialStateSingleThreaded] 10:08:24 - OR Expression *((positionFilled(hirer2) THEN msgPositionClosed(evaluator4)) OR ((checkPosition(evaluator4) THEN msgPositionClosed(evaluator4)) OR (checkPosition(evaluator4) THEN (screenInterview(evaluator4) THEN (msgRejectionNotice(evaluator4) OR (makeOffer(evaluator4) THEN ((responseYes(candidate6) THEN offerAccepted(evaluator4)) OR (responseNo(candidate6) THEN offerRejected(evaluator4)))))))))* verified.
[Thread-36][twocomm.core.automated.AutomatedSocialStateSingleThreaded] 10:08:24 - THEN Expression *(apply(candidate6) THEN ((positionFilled(hirer2) THEN msgPositionClosed(evaluator4)) OR ((checkPosition(evaluator4) THEN msgPositionClosed(evaluator4)) OR (checkPosition(evaluator4) THEN (screenInterview(evaluator4) THEN (msgRejectionNotice(evaluator4) OR (makeOffer(evaluator4) THEN ((responseYes(candidate6) THEN offerAccepted(evaluator4)) OR (responseNo(candidate6) THEN offerRejected(evaluator4))))))))))* verified.
[Thread-36][twocomm.core.automated.AutomatedSocialStateSingleThreaded] 10:08:24 - THEN Expression *(postJob(hirer2) THEN (apply(candidate6) THEN ((positionFilled(hirer2) THEN msgPositionClosed(evaluator4)) OR ((checkPosition(evaluator4) THEN msgPositionClosed(evaluator4)) OR (checkPosition(evaluator4) THEN (screenInterview(evaluator4) THEN (msgRejectionNotice(evaluator4) OR (makeOffer(evaluator4) THEN ((responseYes(candidate6) THEN offerAccepted(evaluator4)) OR (responseNo(candidate6) THEN offerRejected(evaluator4)))))))))))* verified.
[Thread-36][twocomm.core.automated.AutomatedSocialStateSingleThreaded] 10:08:24 - Automated handling for event cc(evaluator4, hirer2, (postJob(hirer2) THEN apply(candidate6)), (postJob(hirer2) THEN (apply(candidate6) THEN ((positionFilled(hirer2) THEN msgPositionClosed(evaluator4)) OR ((checkPosition(evaluator4) THEN msgPositionClosed(evaluator4)) OR (checkPosition(evaluator4) THEN (screenInterview(evaluator4) THEN (msgRejectionNotice(evaluator4) OR (makeOffer(evaluator4) THEN ((responseYes(candidate6) THEN offerAccepted(evaluator4)) OR (responseNo(candidate6) THEN offerRejected(evaluator4))))))))))), SATISFIED), op: SATISFY_COMMITMENT
[Thread-36][twocomm.core.automated.AutomatedSocialStateSingleThreaded] 10:08:24 - Commitment changed to satisfied: cc(evaluator4, hirer2, (postJob(hirer2) THEN apply(candidate6)), (postJob(hirer2) THEN (apply(candidate6) THEN ((positionFilled(hirer2) THEN msgPositionClosed(evaluator4)) OR ((checkPosition(evaluator4) THEN msgPositionClosed(evaluator4)) OR (checkPosition(evaluator4) THEN (screenInterview(evaluator4) THEN (msgRejectionNotice(evaluator4) OR (makeOffer(evaluator4) THEN ((responseYes(candidate6) THEN offerAccepted(evaluator4)) OR (responseNo(candidate6) THEN offerRejected(evaluator4))))))))))), SATISFIED)
[Thread-36][twocomm.core.automated.AutomatedSocialStateSingleThreaded] 10:08:24 - OR Expression *(msgRejectionNotice(evaluator4) OR makeOffer(evaluator4))* verified.
[Thread-36][twocomm.core.automated.AutomatedSocialStateSingleThreaded] 10:08:24 - OR Expression *(msgPositionClosed(evaluator4) OR (msgRejectionNotice(evaluator4) OR makeOffer(evaluator4)))* verified.
[Thread-36][twocomm.core.automated.AutomatedSocialStateSingleThreaded] 10:08:24 - THEN Expression *(apply(candidate6) THEN (msgPositionClosed(evaluator4) OR (msgRejectionNotice(evaluator4) OR makeOffer(evaluator4))))* verified.
[Thread-36][twocomm.core.automated.AutomatedSocialStateSingleThreaded] 10:08:24 - THEN Expression *(postJob(hirer2) THEN (apply(candidate6) THEN (msgPositionClosed(evaluator4) OR (msgRejectionNotice(evaluator4) OR makeOffer(evaluator4)))))* verified.
[Thread-36][twocomm.core.automated.AutomatedSocialStateSingleThreaded] 10:08:24 - Automated handling for event cc(evaluator4, candidate6, (postJob(hirer2) THEN apply(candidate6)), (postJob(hirer2) THEN (apply(candidate6) THEN (msgPositionClosed(evaluator4) OR (msgRejectionNotice(evaluator4) OR makeOffer(evaluator4))))), SATISFIED), op: SATISFY_COMMITMENT
[Thread-36][twocomm.core.automated.AutomatedSocialStateSingleThreaded] 10:08:24 - Commitment changed to satisfied: cc(evaluator4, candidate6, (postJob(hirer2) THEN apply(candidate6)), (postJob(hirer2) THEN (apply(candidate6) THEN (msgPositionClosed(evaluator4) OR (msgRejectionNotice(evaluator4) OR makeOffer(evaluator4))))), SATISFIED)
[Thread-30][twocomm.core.automated.AutomatedSocialStateSingleThreaded] 10:08:24 - Automated handling for event cc(candidate6, evaluator4, makeOffer(evaluator4), (makeOffer(evaluator4) THEN (responseYes(candidate6) OR responseNo(candidate6))), TERMINATED), op: RELEASE_COMMITMENT
[Thread-44][twocomm.core.automated.AutomatedSocialStateSingleThreaded] 10:08:27 - Automated handling for event makeOffer(evaluator5), op: FACT_ASSERTED
[Thread-44][twocomm.core.automated.AutomatedSocialStateSingleThreaded] 10:08:27 - Retrieving commitments for makeOffer(evaluator5)
[Thread-44][twocomm.core.automated.AutomatedSocialStateSingleThreaded] 10:08:27 - Expression *makeOffer(evaluator5)* verified.
[Thread-44][twocomm.core.automated.AutomatedSocialStateSingleThreaded] 10:08:27 - OR Expression *(msgRejectionNotice(evaluator5) OR makeOffer(evaluator5))* verified.
[Thread-44][twocomm.core.automated.AutomatedSocialStateSingleThreaded] 10:08:27 - OR Expression *(msgPositionClosed(evaluator5) OR (msgRejectionNotice(evaluator5) OR makeOffer(evaluator5)))* verified.
[Thread-44][twocomm.core.automated.AutomatedSocialStateSingleThreaded] 10:08:27 - THEN Expression *(apply(candidate8) THEN (msgPositionClosed(evaluator5) OR (msgRejectionNotice(evaluator5) OR makeOffer(evaluator5))))* verified.
[Thread-44][twocomm.core.automated.AutomatedSocialStateSingleThreaded] 10:08:27 - THEN Expression *(postJob(hirer2) THEN (apply(candidate8) THEN (msgPositionClosed(evaluator5) OR (msgRejectionNotice(evaluator5) OR makeOffer(evaluator5)))))* verified.
[Thread-44][twocomm.core.automated.AutomatedSocialStateSingleThreaded] 10:08:27 - Automated handling for event cc(evaluator5, candidate8, (postJob(hirer2) THEN apply(candidate8)), (postJob(hirer2) THEN (apply(candidate8) THEN (msgPositionClosed(evaluator5) OR (msgRejectionNotice(evaluator5) OR makeOffer(evaluator5))))), SATISFIED), op: SATISFY_COMMITMENT
[Thread-44][twocomm.core.automated.AutomatedSocialStateSingleThreaded] 10:08:27 - Commitment changed to satisfied: cc(evaluator5, candidate8, (postJob(hirer2) THEN apply(candidate8)), (postJob(hirer2) THEN (apply(candidate8) THEN (msgPositionClosed(evaluator5) OR (msgRejectionNotice(evaluator5) OR makeOffer(evaluator5))))), SATISFIED)
[Thread-44][twocomm.core.automated.AutomatedSocialStateSingleThreaded] 10:08:27 - Expression *makeOffer(evaluator5)* verified.
[Thread-44][twocomm.core.automated.AutomatedSocialStateSingleThreaded] 10:08:27 - Automated handling for event cc(candidate8, evaluator5, makeOffer(evaluator5), (makeOffer(evaluator5) THEN (responseYes(candidate8) OR responseNo(candidate8))), DETACHED), op: DETACH_COMMITMENT
[Thread-44][twocomm.core.automated.AutomatedSocialStateSingleThreaded] 10:08:27 - Commitment changed to detached: cc(candidate8, evaluator5, makeOffer(evaluator5), (makeOffer(evaluator5) THEN (responseYes(candidate8) OR responseNo(candidate8))), DETACHED)
[Thread-39][twocomm.core.automated.AutomatedSocialStateSingleThreaded] 10:08:28 - Automated handling for event responseYes(candidate8), op: FACT_ASSERTED
[Thread-39][twocomm.core.automated.AutomatedSocialStateSingleThreaded] 10:08:28 - Retrieving commitments for responseYes(candidate8)
[Thread-39][twocomm.core.automated.AutomatedSocialStateSingleThreaded] 10:08:28 - Expression *responseYes(candidate8)* verified.
[Thread-39][twocomm.core.automated.AutomatedSocialStateSingleThreaded] 10:08:28 - OR Expression *(responseYes(candidate8) OR responseNo(candidate8))* verified.
[Thread-39][twocomm.core.automated.AutomatedSocialStateSingleThreaded] 10:08:28 - THEN Expression *(makeOffer(evaluator5) THEN (responseYes(candidate8) OR responseNo(candidate8)))* verified.
[Thread-39][twocomm.core.automated.AutomatedSocialStateSingleThreaded] 10:08:28 - Automated handling for event cc(candidate8, evaluator5, makeOffer(evaluator5), (makeOffer(evaluator5) THEN (responseYes(candidate8) OR responseNo(candidate8))), SATISFIED), op: SATISFY_COMMITMENT
[Thread-39][twocomm.core.automated.AutomatedSocialStateSingleThreaded] 10:08:28 - Commitment changed to satisfied: cc(candidate8, evaluator5, makeOffer(evaluator5), (makeOffer(evaluator5) THEN (responseYes(candidate8) OR responseNo(candidate8))), SATISFIED)
[Thread-47][twocomm.core.automated.AutomatedSocialStateSingleThreaded] 10:08:32 - Automated handling for event offerAccepted(evaluator5), op: FACT_ASSERTED
[Thread-47][twocomm.core.automated.AutomatedSocialStateSingleThreaded] 10:08:32 - Retrieving commitments for offerAccepted(evaluator5)
[Thread-47][twocomm.core.automated.AutomatedSocialStateSingleThreaded] 10:08:32 - Expression *offerAccepted(evaluator5)* verified.
[Thread-47][twocomm.core.automated.AutomatedSocialStateSingleThreaded] 10:08:32 - THEN Expression *(responseYes(candidate8) THEN offerAccepted(evaluator5))* verified.
[Thread-47][twocomm.core.automated.AutomatedSocialStateSingleThreaded] 10:08:32 - OR Expression *((responseYes(candidate8) THEN offerAccepted(evaluator5)) OR (responseNo(candidate8) THEN offerRejected(evaluator5)))* verified.
[Thread-47][twocomm.core.automated.AutomatedSocialStateSingleThreaded] 10:08:32 - THEN Expression *(makeOffer(evaluator5) THEN ((responseYes(candidate8) THEN offerAccepted(evaluator5)) OR (responseNo(candidate8) THEN offerRejected(evaluator5))))* verified.
[Thread-47][twocomm.core.automated.AutomatedSocialStateSingleThreaded] 10:08:32 - OR Expression *(msgRejectionNotice(evaluator5) OR (makeOffer(evaluator5) THEN ((responseYes(candidate8) THEN offerAccepted(evaluator5)) OR (responseNo(candidate8) THEN offerRejected(evaluator5)))))* verified.
[Thread-47][twocomm.core.automated.AutomatedSocialStateSingleThreaded] 10:08:32 - THEN Expression *(screenInterview(evaluator5) THEN (msgRejectionNotice(evaluator5) OR (makeOffer(evaluator5) THEN ((responseYes(candidate8) THEN offerAccepted(evaluator5)) OR (responseNo(candidate8) THEN offerRejected(evaluator5))))))* verified.
[Thread-47][twocomm.core.automated.AutomatedSocialStateSingleThreaded] 10:08:32 - THEN Expression *(checkPosition(evaluator5) THEN (screenInterview(evaluator5) THEN (msgRejectionNotice(evaluator5) OR (makeOffer(evaluator5) THEN ((responseYes(candidate8) THEN offerAccepted(evaluator5)) OR (responseNo(candidate8) THEN offerRejected(evaluator5)))))))* verified.
[Thread-47][twocomm.core.automated.AutomatedSocialStateSingleThreaded] 10:08:32 - OR Expression *((checkPosition(evaluator5) THEN msgPositionClosed(evaluator5)) OR (checkPosition(evaluator5) THEN (screenInterview(evaluator5) THEN (msgRejectionNotice(evaluator5) OR (makeOffer(evaluator5) THEN ((responseYes(candidate8) THEN offerAccepted(evaluator5)) OR (responseNo(candidate8) THEN offerRejected(evaluator5))))))))* verified.
[Thread-47][twocomm.core.automated.AutomatedSocialStateSingleThreaded] 10:08:32 - OR Expression *((positionFilled(hirer2) THEN msgPositionClosed(evaluator5)) OR ((checkPosition(evaluator5) THEN msgPositionClosed(evaluator5)) OR (checkPosition(evaluator5) THEN (screenInterview(evaluator5) THEN (msgRejectionNotice(evaluator5) OR (makeOffer(evaluator5) THEN ((responseYes(candidate8) THEN offerAccepted(evaluator5)) OR (responseNo(candidate8) THEN offerRejected(evaluator5)))))))))* verified.
[Thread-47][twocomm.core.automated.AutomatedSocialStateSingleThreaded] 10:08:32 - THEN Expression *(apply(candidate8) THEN ((positionFilled(hirer2) THEN msgPositionClosed(evaluator5)) OR ((checkPosition(evaluator5) THEN msgPositionClosed(evaluator5)) OR (checkPosition(evaluator5) THEN (screenInterview(evaluator5) THEN (msgRejectionNotice(evaluator5) OR (makeOffer(evaluator5) THEN ((responseYes(candidate8) THEN offerAccepted(evaluator5)) OR (responseNo(candidate8) THEN offerRejected(evaluator5))))))))))* verified.
[Thread-47][twocomm.core.automated.AutomatedSocialStateSingleThreaded] 10:08:32 - THEN Expression *(postJob(hirer2) THEN (apply(candidate8) THEN ((positionFilled(hirer2) THEN msgPositionClosed(evaluator5)) OR ((checkPosition(evaluator5) THEN msgPositionClosed(evaluator5)) OR (checkPosition(evaluator5) THEN (screenInterview(evaluator5) THEN (msgRejectionNotice(evaluator5) OR (makeOffer(evaluator5) THEN ((responseYes(candidate8) THEN offerAccepted(evaluator5)) OR (responseNo(candidate8) THEN offerRejected(evaluator5)))))))))))* verified.
[Thread-47][twocomm.core.automated.AutomatedSocialStateSingleThreaded] 10:08:32 - Automated handling for event cc(evaluator5, hirer2, (postJob(hirer2) THEN apply(candidate8)), (postJob(hirer2) THEN (apply(candidate8) THEN ((positionFilled(hirer2) THEN msgPositionClosed(evaluator5)) OR ((checkPosition(evaluator5) THEN msgPositionClosed(evaluator5)) OR (checkPosition(evaluator5) THEN (screenInterview(evaluator5) THEN (msgRejectionNotice(evaluator5) OR (makeOffer(evaluator5) THEN ((responseYes(candidate8) THEN offerAccepted(evaluator5)) OR (responseNo(candidate8) THEN offerRejected(evaluator5))))))))))), SATISFIED), op: SATISFY_COMMITMENT
[Thread-47][twocomm.core.automated.AutomatedSocialStateSingleThreaded] 10:08:32 - Commitment changed to satisfied: cc(evaluator5, hirer2, (postJob(hirer2) THEN apply(candidate8)), (postJob(hirer2) THEN (apply(candidate8) THEN ((positionFilled(hirer2) THEN msgPositionClosed(evaluator5)) OR ((checkPosition(evaluator5) THEN msgPositionClosed(evaluator5)) OR (checkPosition(evaluator5) THEN (screenInterview(evaluator5) THEN (msgRejectionNotice(evaluator5) OR (makeOffer(evaluator5) THEN ((responseYes(candidate8) THEN offerAccepted(evaluator5)) OR (responseNo(candidate8) THEN offerRejected(evaluator5))))))))))), SATISFIED)
[Thread-47][twocomm.core.automated.AutomatedSocialStateSingleThreaded] 10:08:32 - Automated handling for event offerAccepted(evaluator), op: FACT_ASSERTED
[Thread-47][twocomm.core.automated.AutomatedSocialStateSingleThreaded] 10:08:32 - Retrieving commitments for offerAccepted(evaluator)
[Thread-47][twocomm.core.automated.AutomatedSocialStateSingleThreaded] 10:08:32 - Expression *offerAccepted(evaluator)* verified.
[Thread-47][twocomm.core.automated.AutomatedSocialStateSingleThreaded] 10:08:32 - Automated handling for event cc(hirer2, evaluator, offerAccepted(evaluator), (offerAccepted(evaluator) THEN positionFilled(hirer2)), DETACHED), op: DETACH_COMMITMENT
[Thread-47][twocomm.core.automated.AutomatedSocialStateSingleThreaded] 10:08:32 - Commitment changed to detached: cc(hirer2, evaluator, offerAccepted(evaluator), (offerAccepted(evaluator) THEN positionFilled(hirer2)), DETACHED)
[Thread-47][twocomm.core.automated.AutomatedSocialStateSingleThreaded] 10:08:32 - OR Expression *(offerAccepted(evaluator) OR timeout3months(hirer2))* verified.
[Thread-47][twocomm.core.automated.AutomatedSocialStateSingleThreaded] 10:08:32 - THEN Expression *(postJob(hirer2) THEN (offerAccepted(evaluator) OR timeout3months(hirer2)))* verified.
[Thread-47][twocomm.core.automated.AutomatedSocialStateSingleThreaded] 10:08:32 - Automated handling for event cc(hirer2, boss1, (postJob(hirer2) THEN (offerAccepted(evaluator) OR timeout3months(hirer2))), (postJob(hirer2) THEN ((offerAccepted(evaluator) THEN positionFilled(hirer2)) OR (timeout3months(hirer2) THEN positionAbandoned(hirer2)))), DETACHED), op: DETACH_COMMITMENT
[Thread-47][twocomm.core.automated.AutomatedSocialStateSingleThreaded] 10:08:32 - Commitment changed to detached: cc(hirer2, boss1, (postJob(hirer2) THEN (offerAccepted(evaluator) OR timeout3months(hirer2))), (postJob(hirer2) THEN ((offerAccepted(evaluator) THEN positionFilled(hirer2)) OR (timeout3months(hirer2) THEN positionAbandoned(hirer2)))), DETACHED)
[Thread-46][twocomm.core.automated.AutomatedSocialStateSingleThreaded] 10:08:37 - Automated handling for event positionFilled(hirer2), op: FACT_ASSERTED
[Thread-46][twocomm.core.automated.AutomatedSocialStateSingleThreaded] 10:08:37 - Retrieving commitments for positionFilled(hirer2)
[Thread-46][twocomm.core.automated.AutomatedSocialStateSingleThreaded] 10:08:37 - Expression *positionFilled(hirer2)* verified.
[Thread-46][twocomm.core.automated.AutomatedSocialStateSingleThreaded] 10:08:37 - THEN Expression *(offerAccepted(evaluator) THEN positionFilled(hirer2))* verified.
[Thread-46][twocomm.core.automated.AutomatedSocialStateSingleThreaded] 10:08:37 - Automated handling for event cc(hirer2, evaluator, offerAccepted(evaluator), (offerAccepted(evaluator) THEN positionFilled(hirer2)), SATISFIED), op: SATISFY_COMMITMENT
[Thread-46][twocomm.core.automated.AutomatedSocialStateSingleThreaded] 10:08:37 - Commitment changed to satisfied: cc(hirer2, evaluator, offerAccepted(evaluator), (offerAccepted(evaluator) THEN positionFilled(hirer2)), SATISFIED)
[Thread-46][twocomm.core.automated.AutomatedSocialStateSingleThreaded] 10:08:37 - THEN Expression *(offerAccepted(evaluator) THEN positionFilled(hirer2))* verified.
[Thread-46][twocomm.core.automated.AutomatedSocialStateSingleThreaded] 10:08:37 - OR Expression *((offerAccepted(evaluator) THEN positionFilled(hirer2)) OR (timeout3months(hirer2) THEN positionAbandoned(hirer2)))* verified.
[Thread-46][twocomm.core.automated.AutomatedSocialStateSingleThreaded] 10:08:37 - THEN Expression *(postJob(hirer2) THEN ((offerAccepted(evaluator) THEN positionFilled(hirer2)) OR (timeout3months(hirer2) THEN positionAbandoned(hirer2))))* verified.
[Thread-46][twocomm.core.automated.AutomatedSocialStateSingleThreaded] 10:08:37 - Automated handling for event cc(hirer2, boss1, (postJob(hirer2) THEN (offerAccepted(evaluator) OR timeout3months(hirer2))), (postJob(hirer2) THEN ((offerAccepted(evaluator) THEN positionFilled(hirer2)) OR (timeout3months(hirer2) THEN positionAbandoned(hirer2)))), SATISFIED), op: SATISFY_COMMITMENT
[Thread-46][twocomm.core.automated.AutomatedSocialStateSingleThreaded] 10:08:37 - Commitment changed to satisfied: cc(hirer2, boss1, (postJob(hirer2) THEN (offerAccepted(evaluator) OR timeout3months(hirer2))), (postJob(hirer2) THEN ((offerAccepted(evaluator) THEN positionFilled(hirer2)) OR (timeout3months(hirer2) THEN positionAbandoned(hirer2)))), SATISFIED)
