[10:07:59] - Commitment added: cc(hirer2, evaluator, offerAccepted(evaluator), (offerAccepted(evaluator) THEN positionFilled(hirer2)), CONDITIONAL)
[10:07:59] - Aggiunta del commitment completata, cc(hirer2, evaluator, offerAccepted(evaluator), (offerAccepted(evaluator) THEN positionFilled(hirer2)), CONDITIONAL)
[10:07:59] - CREATE CONCRETE COMMITMENT INTERNAL
[10:07:59] - Checking commitments:
TO ADD: cc(hirer2, boss1, openPosition(boss1), (openPosition(boss1) THEN postJob(hirer2)), CONDITIONAL)
ACTUAL: cc(hirer2, evaluator, offerAccepted(evaluator), (offerAccepted(evaluator) THEN positionFilled(hirer2)), CONDITIONAL)
[10:07:59] - Commitment added: cc(hirer2, boss1, openPosition(boss1), (openPosition(boss1) THEN postJob(hirer2)), CONDITIONAL)
[10:07:59] - Aggiunta del commitment completata, cc(hirer2, boss1, openPosition(boss1), (openPosition(boss1) THEN postJob(hirer2)), CONDITIONAL)
[10:07:59] - CREATE CONCRETE COMMITMENT INTERNAL
[10:07:59] - Checking commitments:
TO ADD: cc(hirer2, boss1, (postJob(hirer2) THEN (offerAccepted(evaluator) OR timeout3months(hirer2))), (postJob(hirer2) THEN ((offerAccepted(evaluator) THEN positionFilled(hirer2)) OR (timeout3months(hirer2) THEN positionAbandoned(hirer2)))), CONDITIONAL)
ACTUAL: cc(hirer2, evaluator, offerAccepted(evaluator), (offerAccepted(evaluator) THEN positionFilled(hirer2)), CONDITIONAL)
[10:07:59] - CREATE CONCRETE COMMITMENT INTERNAL
[10:07:59] - Checking commitments:
TO ADD: cc(hirer2, boss1, (postJob(hirer2) THEN (offerAccepted(evaluator) OR timeout3months(hirer2))), (postJob(hirer2) THEN ((offerAccepted(evaluator) THEN positionFilled(hirer2)) OR (timeout3months(hirer2) THEN positionAbandoned(hirer2)))), CONDITIONAL)
ACTUAL: cc(hirer2, boss1, openPosition(boss1), (openPosition(boss1) THEN postJob(hirer2)), CONDITIONAL)
[10:07:59] - Commitment added: cc(hirer2, boss1, (postJob(hirer2) THEN (offerAccepted(evaluator) OR timeout3months(hirer2))), (postJob(hirer2) THEN ((offerAccepted(evaluator) THEN positionFilled(hirer2)) OR (timeout3months(hirer2) THEN positionAbandoned(hirer2)))), CONDITIONAL)
[10:07:59] - Aggiunta del commitment completata, cc(hirer2, boss1, (postJob(hirer2) THEN (offerAccepted(evaluator) OR timeout3months(hirer2))), (postJob(hirer2) THEN ((offerAccepted(evaluator) THEN positionFilled(hirer2)) OR (timeout3months(hirer2) THEN positionAbandoned(hirer2)))), CONDITIONAL)
[10:07:59] - CREATE CONCRETE COMMITMENT INTERNAL
[10:07:59] - Checking commitments:
TO ADD: cc(evaluator4, hirer2, (postJob(hirer2) THEN apply(candidate6)), (postJob(hirer2) THEN (apply(candidate6) THEN ((positionFilled(hirer2) THEN msgPositionClosed(evaluator4)) OR ((checkPosition(evaluator4) THEN msgPositionClosed(evaluator4)) OR (checkPosition(evaluator4) THEN (screenInterview(evaluator4) THEN (msgRejectionNotice(evaluator4) OR (makeOffer(evaluator4) THEN ((responseYes(candidate6) THEN offerAccepted(evaluator4)) OR (responseNo(candidate6) THEN offerRejected(evaluator4))))))))))), CONDITIONAL)
ACTUAL: cc(hirer2, evaluator, offerAccepted(evaluator), (offerAccepted(evaluator) THEN positionFilled(hirer2)), CONDITIONAL)
[10:07:59] - CREATE CONCRETE COMMITMENT INTERNAL
[10:07:59] - Checking commitments:
TO ADD: cc(evaluator4, hirer2, (postJob(hirer2) THEN apply(candidate6)), (postJob(hirer2) THEN (apply(candidate6) THEN ((positionFilled(hirer2) THEN msgPositionClosed(evaluator4)) OR ((checkPosition(evaluator4) THEN msgPositionClosed(evaluator4)) OR (checkPosition(evaluator4) THEN (screenInterview(evaluator4) THEN (msgRejectionNotice(evaluator4) OR (makeOffer(evaluator4) THEN ((responseYes(candidate6) THEN offerAccepted(evaluator4)) OR (responseNo(candidate6) THEN offerRejected(evaluator4))))))))))), CONDITIONAL)
ACTUAL: cc(hirer2, boss1, openPosition(boss1), (openPosition(boss1) THEN postJob(hirer2)), CONDITIONAL)
[10:07:59] - CREATE CONCRETE COMMITMENT INTERNAL
[10:07:59] - Checking commitments:
TO ADD: cc(evaluator4, hirer2, (postJob(hirer2) THEN apply(candidate6)), (postJob(hirer2) THEN (apply(candidate6) THEN ((positionFilled(hirer2) THEN msgPositionClosed(evaluator4)) OR ((checkPosition(evaluator4) THEN msgPositionClosed(evaluator4)) OR (checkPosition(evaluator4) THEN (screenInterview(evaluator4) THEN (msgRejectionNotice(evaluator4) OR (makeOffer(evaluator4) THEN ((responseYes(candidate6) THEN offerAccepted(evaluator4)) OR (responseNo(candidate6) THEN offerRejected(evaluator4))))))))))), CONDITIONAL)
ACTUAL: cc(hirer2, boss1, (postJob(hirer2) THEN (offerAccepted(evaluator) OR timeout3months(hirer2))), (postJob(hirer2) THEN ((offerAccepted(evaluator) THEN positionFilled(hirer2)) OR (timeout3months(hirer2) THEN positionAbandoned(hirer2)))), CONDITIONAL)
[10:07:59] - Commitment added: cc(evaluator4, hirer2, (postJob(hirer2) THEN apply(candidate6)), (postJob(hirer2) THEN (apply(candidate6) THEN ((positionFilled(hirer2) THEN msgPositionClosed(evaluator4)) OR ((checkPosition(evaluator4) THEN msgPositionClosed(evaluator4)) OR (checkPosition(evaluator4) THEN (screenInterview(evaluator4) THEN (msgRejectionNotice(evaluator4) OR (makeOffer(evaluator4) THEN ((responseYes(candidate6) THEN offerAccepted(evaluator4)) OR (responseNo(candidate6) THEN offerRejected(evaluator4))))))))))), CONDITIONAL)
[10:07:59] - Aggiunta del commitment completata, cc(evaluator4, hirer2, (postJob(hirer2) THEN apply(candidate6)), (postJob(hirer2) THEN (apply(candidate6) THEN ((positionFilled(hirer2) THEN msgPositionClosed(evaluator4)) OR ((checkPosition(evaluator4) THEN msgPositionClosed(evaluator4)) OR (checkPosition(evaluator4) THEN (screenInterview(evaluator4) THEN (msgRejectionNotice(evaluator4) OR (makeOffer(evaluator4) THEN ((responseYes(candidate6) THEN offerAccepted(evaluator4)) OR (responseNo(candidate6) THEN offerRejected(evaluator4))))))))))), CONDITIONAL)
[10:07:59] - CREATE CONCRETE COMMITMENT INTERNAL
[10:07:59] - Checking commitments:
TO ADD: cc(evaluator4, candidate6, (postJob(hirer2) THEN apply(candidate6)), (postJob(hirer2) THEN (apply(candidate6) THEN (msgPositionClosed(evaluator4) OR (msgRejectionNotice(evaluator4) OR makeOffer(evaluator4))))), CONDITIONAL)
ACTUAL: cc(hirer2, evaluator, offerAccepted(evaluator), (offerAccepted(evaluator) THEN positionFilled(hirer2)), CONDITIONAL)
[10:07:59] - CREATE CONCRETE COMMITMENT INTERNAL
[10:07:59] - Checking commitments:
TO ADD: cc(evaluator4, candidate6, (postJob(hirer2) THEN apply(candidate6)), (postJob(hirer2) THEN (apply(candidate6) THEN (msgPositionClosed(evaluator4) OR (msgRejectionNotice(evaluator4) OR makeOffer(evaluator4))))), CONDITIONAL)
ACTUAL: cc(hirer2, boss1, openPosition(boss1), (openPosition(boss1) THEN postJob(hirer2)), CONDITIONAL)
[10:07:59] - CREATE CONCRETE COMMITMENT INTERNAL
[10:07:59] - Checking commitments:
TO ADD: cc(evaluator4, candidate6, (postJob(hirer2) THEN apply(candidate6)), (postJob(hirer2) THEN (apply(candidate6) THEN (msgPositionClosed(evaluator4) OR (msgRejectionNotice(evaluator4) OR makeOffer(evaluator4))))), CONDITIONAL)
ACTUAL: cc(hirer2, boss1, (postJob(hirer2) THEN (offerAccepted(evaluator) OR timeout3months(hirer2))), (postJob(hirer2) THEN ((offerAccepted(evaluator) THEN positionFilled(hirer2)) OR (timeout3months(hirer2) THEN positionAbandoned(hirer2)))), CONDITIONAL)
[10:07:59] - CREATE CONCRETE COMMITMENT INTERNAL
[10:07:59] - Checking commitments:
TO ADD: cc(evaluator4, candidate6, (postJob(hirer2) THEN apply(candidate6)), (postJob(hirer2) THEN (apply(candidate6) THEN (msgPositionClosed(evaluator4) OR (msgRejectionNotice(evaluator4) OR makeOffer(evaluator4))))), CONDITIONAL)
ACTUAL: cc(evaluator4, hirer2, (postJob(hirer2) THEN apply(candidate6)), (postJob(hirer2) THEN (apply(candidate6) THEN ((positionFilled(hirer2) THEN msgPositionClosed(evaluator4)) OR ((checkPosition(evaluator4) THEN msgPositionClosed(evaluator4)) OR (checkPosition(evaluator4) THEN (screenInterview(evaluator4) THEN (msgRejectionNotice(evaluator4) OR (makeOffer(evaluator4) THEN ((responseYes(candidate6) THEN offerAccepted(evaluator4)) OR (responseNo(candidate6) THEN offerRejected(evaluator4))))))))))), CONDITIONAL)
[10:07:59] - Commitment added: cc(evaluator4, candidate6, (postJob(hirer2) THEN apply(candidate6)), (postJob(hirer2) THEN (apply(candidate6) THEN (msgPositionClosed(evaluator4) OR (msgRejectionNotice(evaluator4) OR makeOffer(evaluator4))))), CONDITIONAL)
[10:07:59] - Aggiunta del commitment completata, cc(evaluator4, candidate6, (postJob(hirer2) THEN apply(candidate6)), (postJob(hirer2) THEN (apply(candidate6) THEN (msgPositionClosed(evaluator4) OR (msgRejectionNotice(evaluator4) OR makeOffer(evaluator4))))), CONDITIONAL)
[10:07:59] - CREATE CONCRETE COMMITMENT INTERNAL
[10:07:59] - Checking commitments:
TO ADD: cc(candidate6, evaluator4, makeOffer(evaluator4), (makeOffer(evaluator4) THEN (responseYes(candidate6) OR responseNo(candidate6))), CONDITIONAL)
ACTUAL: cc(hirer2, evaluator, offerAccepted(evaluator), (offerAccepted(evaluator) THEN positionFilled(hirer2)), CONDITIONAL)
[10:07:59] - CREATE CONCRETE COMMITMENT INTERNAL
[10:07:59] - Checking commitments:
TO ADD: cc(candidate6, evaluator4, makeOffer(evaluator4), (makeOffer(evaluator4) THEN (responseYes(candidate6) OR responseNo(candidate6))), CONDITIONAL)
ACTUAL: cc(hirer2, boss1, openPosition(boss1), (openPosition(boss1) THEN postJob(hirer2)), CONDITIONAL)
[10:07:59] - CREATE CONCRETE COMMITMENT INTERNAL
[10:07:59] - Checking commitments:
TO ADD: cc(candidate6, evaluator4, makeOffer(evaluator4), (makeOffer(evaluator4) THEN (responseYes(candidate6) OR responseNo(candidate6))), CONDITIONAL)
ACTUAL: cc(hirer2, boss1, (postJob(hirer2) THEN (offerAccepted(evaluator) OR timeout3months(hirer2))), (postJob(hirer2) THEN ((offerAccepted(evaluator) THEN positionFilled(hirer2)) OR (timeout3months(hirer2) THEN positionAbandoned(hirer2)))), CONDITIONAL)
[10:07:59] - CREATE CONCRETE COMMITMENT INTERNAL
[10:07:59] - Checking commitments:
TO ADD: cc(candidate6, evaluator4, makeOffer(evaluator4), (makeOffer(evaluator4) THEN (responseYes(candidate6) OR responseNo(candidate6))), CONDITIONAL)
ACTUAL: cc(evaluator4, hirer2, (postJob(hirer2) THEN apply(candidate6)), (postJob(hirer2) THEN (apply(candidate6) THEN ((positionFilled(hirer2) THEN msgPositionClosed(evaluator4)) OR ((checkPosition(evaluator4) THEN msgPositionClosed(evaluator4)) OR (checkPosition(evaluator4) THEN (screenInterview(evaluator4) THEN (msgRejectionNotice(evaluator4) OR (makeOffer(evaluator4) THEN ((responseYes(candidate6) THEN offerAccepted(evaluator4)) OR (responseNo(candidate6) THEN offerRejected(evaluator4))))))))))), CONDITIONAL)
[10:07:59] - CREATE CONCRETE COMMITMENT INTERNAL
[10:07:59] - Checking commitments:
TO ADD: cc(candidate6, evaluator4, makeOffer(evaluator4), (makeOffer(evaluator4) THEN (responseYes(candidate6) OR responseNo(candidate6))), CONDITIONAL)
ACTUAL: cc(evaluator4, candidate6, (postJob(hirer2) THEN apply(candidate6)), (postJob(hirer2) THEN (apply(candidate6) THEN (msgPositionClosed(evaluator4) OR (msgRejectionNotice(evaluator4) OR makeOffer(evaluator4))))), CONDITIONAL)
[10:07:59] - Commitment added: cc(candidate6, evaluator4, makeOffer(evaluator4), (makeOffer(evaluator4) THEN (responseYes(candidate6) OR responseNo(candidate6))), CONDITIONAL)
[10:07:59] - Aggiunta del commitment completata, cc(candidate6, evaluator4, makeOffer(evaluator4), (makeOffer(evaluator4) THEN (responseYes(candidate6) OR responseNo(candidate6))), CONDITIONAL)
[10:07:59] - CREATE CONCRETE COMMITMENT INTERNAL
[10:07:59] - Checking commitments:
TO ADD: cc(evaluator5, hirer2, (postJob(hirer2) THEN apply(candidate8)), (postJob(hirer2) THEN (apply(candidate8) THEN ((positionFilled(hirer2) THEN msgPositionClosed(evaluator5)) OR ((checkPosition(evaluator5) THEN msgPositionClosed(evaluator5)) OR (checkPosition(evaluator5) THEN (screenInterview(evaluator5) THEN (msgRejectionNotice(evaluator5) OR (makeOffer(evaluator5) THEN ((responseYes(candidate8) THEN offerAccepted(evaluator5)) OR (responseNo(candidate8) THEN offerRejected(evaluator5))))))))))), CONDITIONAL)
ACTUAL: cc(hirer2, evaluator, offerAccepted(evaluator), (offerAccepted(evaluator) THEN positionFilled(hirer2)), CONDITIONAL)
[10:07:59] - CREATE CONCRETE COMMITMENT INTERNAL
[10:07:59] - Checking commitments:
TO ADD: cc(evaluator5, hirer2, (postJob(hirer2) THEN apply(candidate8)), (postJob(hirer2) THEN (apply(candidate8) THEN ((positionFilled(hirer2) THEN msgPositionClosed(evaluator5)) OR ((checkPosition(evaluator5) THEN msgPositionClosed(evaluator5)) OR (checkPosition(evaluator5) THEN (screenInterview(evaluator5) THEN (msgRejectionNotice(evaluator5) OR (makeOffer(evaluator5) THEN ((responseYes(candidate8) THEN offerAccepted(evaluator5)) OR (responseNo(candidate8) THEN offerRejected(evaluator5))))))))))), CONDITIONAL)
ACTUAL: cc(hirer2, boss1, openPosition(boss1), (openPosition(boss1) THEN postJob(hirer2)), CONDITIONAL)
[10:07:59] - CREATE CONCRETE COMMITMENT INTERNAL
[10:07:59] - Checking commitments:
TO ADD: cc(evaluator5, hirer2, (postJob(hirer2) THEN apply(candidate8)), (postJob(hirer2) THEN (apply(candidate8) THEN ((positionFilled(hirer2) THEN msgPositionClosed(evaluator5)) OR ((checkPosition(evaluator5) THEN msgPositionClosed(evaluator5)) OR (checkPosition(evaluator5) THEN (screenInterview(evaluator5) THEN (msgRejectionNotice(evaluator5) OR (makeOffer(evaluator5) THEN ((responseYes(candidate8) THEN offerAccepted(evaluator5)) OR (responseNo(candidate8) THEN offerRejected(evaluator5))))))))))), CONDITIONAL)
ACTUAL: cc(hirer2, boss1, (postJob(hirer2) THEN (offerAccepted(evaluator) OR timeout3months(hirer2))), (postJob(hirer2) THEN ((offerAccepted(evaluator) THEN positionFilled(hirer2)) OR (timeout3months(hirer2) THEN positionAbandoned(hirer2)))), CONDITIONAL)
[10:07:59] - CREATE CONCRETE COMMITMENT INTERNAL
[10:07:59] - Checking commitments:
TO ADD: cc(evaluator5, hirer2, (postJob(hirer2) THEN apply(candidate8)), (postJob(hirer2) THEN (apply(candidate8) THEN ((positionFilled(hirer2) THEN msgPositionClosed(evaluator5)) OR ((checkPosition(evaluator5) THEN msgPositionClosed(evaluator5)) OR (checkPosition(evaluator5) THEN (screenInterview(evaluator5) THEN (msgRejectionNotice(evaluator5) OR (makeOffer(evaluator5) THEN ((responseYes(candidate8) THEN offerAccepted(evaluator5)) OR (responseNo(candidate8) THEN offerRejected(evaluator5))))))))))), CONDITIONAL)
ACTUAL: cc(evaluator4, hirer2, (postJob(hirer2) THEN apply(candidate6)), (postJob(hirer2) THEN (apply(candidate6) THEN ((positionFilled(hirer2) THEN msgPositionClosed(evaluator4)) OR ((checkPosition(evaluator4) THEN msgPositionClosed(evaluator4)) OR (checkPosition(evaluator4) THEN (screenInterview(evaluator4) THEN (msgRejectionNotice(evaluator4) OR (makeOffer(evaluator4) THEN ((responseYes(candidate6) THEN offerAccepted(evaluator4)) OR (responseNo(candidate6) THEN offerRejected(evaluator4))))))))))), CONDITIONAL)
[10:07:59] - CREATE CONCRETE COMMITMENT INTERNAL
[10:07:59] - Checking commitments:
TO ADD: cc(evaluator5, hirer2, (postJob(hirer2) THEN apply(candidate8)), (postJob(hirer2) THEN (apply(candidate8) THEN ((positionFilled(hirer2) THEN msgPositionClosed(evaluator5)) OR ((checkPosition(evaluator5) THEN msgPositionClosed(evaluator5)) OR (checkPosition(evaluator5) THEN (screenInterview(evaluator5) THEN (msgRejectionNotice(evaluator5) OR (makeOffer(evaluator5) THEN ((responseYes(candidate8) THEN offerAccepted(evaluator5)) OR (responseNo(candidate8) THEN offerRejected(evaluator5))))))))))), CONDITIONAL)
ACTUAL: cc(evaluator4, candidate6, (postJob(hirer2) THEN apply(candidate6)), (postJob(hirer2) THEN (apply(candidate6) THEN (msgPositionClosed(evaluator4) OR (msgRejectionNotice(evaluator4) OR makeOffer(evaluator4))))), CONDITIONAL)
[10:07:59] - CREATE CONCRETE COMMITMENT INTERNAL
[10:07:59] - Checking commitments:
TO ADD: cc(evaluator5, hirer2, (postJob(hirer2) THEN apply(candidate8)), (postJob(hirer2) THEN (apply(candidate8) THEN ((positionFilled(hirer2) THEN msgPositionClosed(evaluator5)) OR ((checkPosition(evaluator5) THEN msgPositionClosed(evaluator5)) OR (checkPosition(evaluator5) THEN (screenInterview(evaluator5) THEN (msgRejectionNotice(evaluator5) OR (makeOffer(evaluator5) THEN ((responseYes(candidate8) THEN offerAccepted(evaluator5)) OR (responseNo(candidate8) THEN offerRejected(evaluator5))))))))))), CONDITIONAL)
ACTUAL: cc(candidate6, evaluator4, makeOffer(evaluator4), (makeOffer(evaluator4) THEN (responseYes(candidate6) OR responseNo(candidate6))), CONDITIONAL)
[10:07:59] - Commitment added: cc(evaluator5, hirer2, (postJob(hirer2) THEN apply(candidate8)), (postJob(hirer2) THEN (apply(candidate8) THEN ((positionFilled(hirer2) THEN msgPositionClosed(evaluator5)) OR ((checkPosition(evaluator5) THEN msgPositionClosed(evaluator5)) OR (checkPosition(evaluator5) THEN (screenInterview(evaluator5) THEN (msgRejectionNotice(evaluator5) OR (makeOffer(evaluator5) THEN ((responseYes(candidate8) THEN offerAccepted(evaluator5)) OR (responseNo(candidate8) THEN offerRejected(evaluator5))))))))))), CONDITIONAL)
[10:07:59] - Aggiunta del commitment completata, cc(evaluator5, hirer2, (postJob(hirer2) THEN apply(candidate8)), (postJob(hirer2) THEN (apply(candidate8) THEN ((positionFilled(hirer2) THEN msgPositionClosed(evaluator5)) OR ((checkPosition(evaluator5) THEN msgPositionClosed(evaluator5)) OR (checkPosition(evaluator5) THEN (screenInterview(evaluator5) THEN (msgRejectionNotice(evaluator5) OR (makeOffer(evaluator5) THEN ((responseYes(candidate8) THEN offerAccepted(evaluator5)) OR (responseNo(candidate8) THEN offerRejected(evaluator5))))))))))), CONDITIONAL)
[10:07:59] - CREATE CONCRETE COMMITMENT INTERNAL
[10:07:59] - Checking commitments:
TO ADD: cc(evaluator5, candidate8, (postJob(hirer2) THEN apply(candidate8)), (postJob(hirer2) THEN (apply(candidate8) THEN (msgPositionClosed(evaluator5) OR (msgRejectionNotice(evaluator5) OR makeOffer(evaluator5))))), CONDITIONAL)
ACTUAL: cc(hirer2, evaluator, offerAccepted(evaluator), (offerAccepted(evaluator) THEN positionFilled(hirer2)), CONDITIONAL)
[10:07:59] - CREATE CONCRETE COMMITMENT INTERNAL
[10:07:59] - Checking commitments:
TO ADD: cc(evaluator5, candidate8, (postJob(hirer2) THEN apply(candidate8)), (postJob(hirer2) THEN (apply(candidate8) THEN (msgPositionClosed(evaluator5) OR (msgRejectionNotice(evaluator5) OR makeOffer(evaluator5))))), CONDITIONAL)
ACTUAL: cc(hirer2, boss1, openPosition(boss1), (openPosition(boss1) THEN postJob(hirer2)), CONDITIONAL)
[10:07:59] - CREATE CONCRETE COMMITMENT INTERNAL
[10:07:59] - Checking commitments:
TO ADD: cc(evaluator5, candidate8, (postJob(hirer2) THEN apply(candidate8)), (postJob(hirer2) THEN (apply(candidate8) THEN (msgPositionClosed(evaluator5) OR (msgRejectionNotice(evaluator5) OR makeOffer(evaluator5))))), CONDITIONAL)
ACTUAL: cc(hirer2, boss1, (postJob(hirer2) THEN (offerAccepted(evaluator) OR timeout3months(hirer2))), (postJob(hirer2) THEN ((offerAccepted(evaluator) THEN positionFilled(hirer2)) OR (timeout3months(hirer2) THEN positionAbandoned(hirer2)))), CONDITIONAL)
[10:07:59] - CREATE CONCRETE COMMITMENT INTERNAL
[10:07:59] - Checking commitments:
TO ADD: cc(evaluator5, candidate8, (postJob(hirer2) THEN apply(candidate8)), (postJob(hirer2) THEN (apply(candidate8) THEN (msgPositionClosed(evaluator5) OR (msgRejectionNotice(evaluator5) OR makeOffer(evaluator5))))), CONDITIONAL)
ACTUAL: cc(evaluator4, hirer2, (postJob(hirer2) THEN apply(candidate6)), (postJob(hirer2) THEN (apply(candidate6) THEN ((positionFilled(hirer2) THEN msgPositionClosed(evaluator4)) OR ((checkPosition(evaluator4) THEN msgPositionClosed(evaluator4)) OR (checkPosition(evaluator4) THEN (screenInterview(evaluator4) THEN (msgRejectionNotice(evaluator4) OR (makeOffer(evaluator4) THEN ((responseYes(candidate6) THEN offerAccepted(evaluator4)) OR (responseNo(candidate6) THEN offerRejected(evaluator4))))))))))), CONDITIONAL)
[10:07:59] - CREATE CONCRETE COMMITMENT INTERNAL
[10:07:59] - Checking commitments:
TO ADD: cc(evaluator5, candidate8, (postJob(hirer2) THEN apply(candidate8)), (postJob(hirer2) THEN (apply(candidate8) THEN (msgPositionClosed(evaluator5) OR (msgRejectionNotice(evaluator5) OR makeOffer(evaluator5))))), CONDITIONAL)
ACTUAL: cc(evaluator4, candidate6, (postJob(hirer2) THEN apply(candidate6)), (postJob(hirer2) THEN (apply(candidate6) THEN (msgPositionClosed(evaluator4) OR (msgRejectionNotice(evaluator4) OR makeOffer(evaluator4))))), CONDITIONAL)
[10:07:59] - CREATE CONCRETE COMMITMENT INTERNAL
[10:07:59] - Checking commitments:
TO ADD: cc(evaluator5, candidate8, (postJob(hirer2) THEN apply(candidate8)), (postJob(hirer2) THEN (apply(candidate8) THEN (msgPositionClosed(evaluator5) OR (msgRejectionNotice(evaluator5) OR makeOffer(evaluator5))))), CONDITIONAL)
ACTUAL: cc(candidate6, evaluator4, makeOffer(evaluator4), (makeOffer(evaluator4) THEN (responseYes(candidate6) OR responseNo(candidate6))), CONDITIONAL)
[10:07:59] - CREATE CONCRETE COMMITMENT INTERNAL
[10:07:59] - Checking commitments:
TO ADD: cc(evaluator5, candidate8, (postJob(hirer2) THEN apply(candidate8)), (postJob(hirer2) THEN (apply(candidate8) THEN (msgPositionClosed(evaluator5) OR (msgRejectionNotice(evaluator5) OR makeOffer(evaluator5))))), CONDITIONAL)
ACTUAL: cc(evaluator5, hirer2, (postJob(hirer2) THEN apply(candidate8)), (postJob(hirer2) THEN (apply(candidate8) THEN ((positionFilled(hirer2) THEN msgPositionClosed(evaluator5)) OR ((checkPosition(evaluator5) THEN msgPositionClosed(evaluator5)) OR (checkPosition(evaluator5) THEN (screenInterview(evaluator5) THEN (msgRejectionNotice(evaluator5) OR (makeOffer(evaluator5) THEN ((responseYes(candidate8) THEN offerAccepted(evaluator5)) OR (responseNo(candidate8) THEN offerRejected(evaluator5))))))))))), CONDITIONAL)
[10:07:59] - Commitment added: cc(evaluator5, candidate8, (postJob(hirer2) THEN apply(candidate8)), (postJob(hirer2) THEN (apply(candidate8) THEN (msgPositionClosed(evaluator5) OR (msgRejectionNotice(evaluator5) OR makeOffer(evaluator5))))), CONDITIONAL)
[10:07:59] - Aggiunta del commitment completata, cc(evaluator5, candidate8, (postJob(hirer2) THEN apply(candidate8)), (postJob(hirer2) THEN (apply(candidate8) THEN (msgPositionClosed(evaluator5) OR (msgRejectionNotice(evaluator5) OR makeOffer(evaluator5))))), CONDITIONAL)
[10:07:59] - CREATE CONCRETE COMMITMENT INTERNAL
[10:07:59] - Checking commitments:
TO ADD: cc(candidate8, evaluator5, makeOffer(evaluator5), (makeOffer(evaluator5) THEN (responseYes(candidate8) OR responseNo(candidate8))), CONDITIONAL)
ACTUAL: cc(hirer2, evaluator, offerAccepted(evaluator), (offerAccepted(evaluator) THEN positionFilled(hirer2)), CONDITIONAL)
[10:07:59] - CREATE CONCRETE COMMITMENT INTERNAL
[10:07:59] - Checking commitments:
TO ADD: cc(candidate8, evaluator5, makeOffer(evaluator5), (makeOffer(evaluator5) THEN (responseYes(candidate8) OR responseNo(candidate8))), CONDITIONAL)
ACTUAL: cc(hirer2, boss1, openPosition(boss1), (openPosition(boss1) THEN postJob(hirer2)), CONDITIONAL)
[10:07:59] - CREATE CONCRETE COMMITMENT INTERNAL
[10:07:59] - Checking commitments:
TO ADD: cc(candidate8, evaluator5, makeOffer(evaluator5), (makeOffer(evaluator5) THEN (responseYes(candidate8) OR responseNo(candidate8))), CONDITIONAL)
ACTUAL: cc(hirer2, boss1, (postJob(hirer2) THEN (offerAccepted(evaluator) OR timeout3months(hirer2))), (postJob(hirer2) THEN ((offerAccepted(evaluator) THEN positionFilled(hirer2)) OR (timeout3months(hirer2) THEN positionAbandoned(hirer2)))), CONDITIONAL)
[10:07:59] - CREATE CONCRETE COMMITMENT INTERNAL
[10:07:59] - Checking commitments:
TO ADD: cc(candidate8, evaluator5, makeOffer(evaluator5), (makeOffer(evaluator5) THEN (responseYes(candidate8) OR responseNo(candidate8))), CONDITIONAL)
ACTUAL: cc(evaluator4, hirer2, (postJob(hirer2) THEN apply(candidate6)), (postJob(hirer2) THEN (apply(candidate6) THEN ((positionFilled(hirer2) THEN msgPositionClosed(evaluator4)) OR ((checkPosition(evaluator4) THEN msgPositionClosed(evaluator4)) OR (checkPosition(evaluator4) THEN (screenInterview(evaluator4) THEN (msgRejectionNotice(evaluator4) OR (makeOffer(evaluator4) THEN ((responseYes(candidate6) THEN offerAccepted(evaluator4)) OR (responseNo(candidate6) THEN offerRejected(evaluator4))))))))))), CONDITIONAL)
[10:07:59] - CREATE CONCRETE COMMITMENT INTERNAL
[10:07:59] - Checking commitments:
TO ADD: cc(candidate8, evaluator5, makeOffer(evaluator5), (makeOffer(evaluator5) THEN (responseYes(candidate8) OR responseNo(candidate8))), CONDITIONAL)
ACTUAL: cc(evaluator4, candidate6, (postJob(hirer2) THEN apply(candidate6)), (postJob(hirer2) THEN (apply(candidate6) THEN (msgPositionClosed(evaluator4) OR (msgRejectionNotice(evaluator4) OR makeOffer(evaluator4))))), CONDITIONAL)
[10:07:59] - CREATE CONCRETE COMMITMENT INTERNAL
[10:07:59] - Checking commitments:
TO ADD: cc(candidate8, evaluator5, makeOffer(evaluator5), (makeOffer(evaluator5) THEN (responseYes(candidate8) OR responseNo(candidate8))), CONDITIONAL)
ACTUAL: cc(candidate6, evaluator4, makeOffer(evaluator4), (makeOffer(evaluator4) THEN (responseYes(candidate6) OR responseNo(candidate6))), CONDITIONAL)
[10:07:59] - CREATE CONCRETE COMMITMENT INTERNAL
[10:07:59] - Checking commitments:
TO ADD: cc(candidate8, evaluator5, makeOffer(evaluator5), (makeOffer(evaluator5) THEN (responseYes(candidate8) OR responseNo(candidate8))), CONDITIONAL)
ACTUAL: cc(evaluator5, hirer2, (postJob(hirer2) THEN apply(candidate8)), (postJob(hirer2) THEN (apply(candidate8) THEN ((positionFilled(hirer2) THEN msgPositionClosed(evaluator5)) OR ((checkPosition(evaluator5) THEN msgPositionClosed(evaluator5)) OR (checkPosition(evaluator5) THEN (screenInterview(evaluator5) THEN (msgRejectionNotice(evaluator5) OR (makeOffer(evaluator5) THEN ((responseYes(candidate8) THEN offerAccepted(evaluator5)) OR (responseNo(candidate8) THEN offerRejected(evaluator5))))))))))), CONDITIONAL)
[10:07:59] - CREATE CONCRETE COMMITMENT INTERNAL
[10:07:59] - Checking commitments:
TO ADD: cc(candidate8, evaluator5, makeOffer(evaluator5), (makeOffer(evaluator5) THEN (responseYes(candidate8) OR responseNo(candidate8))), CONDITIONAL)
ACTUAL: cc(evaluator5, candidate8, (postJob(hirer2) THEN apply(candidate8)), (postJob(hirer2) THEN (apply(candidate8) THEN (msgPositionClosed(evaluator5) OR (msgRejectionNotice(evaluator5) OR makeOffer(evaluator5))))), CONDITIONAL)
[10:07:59] - Commitment added: cc(candidate8, evaluator5, makeOffer(evaluator5), (makeOffer(evaluator5) THEN (responseYes(candidate8) OR responseNo(candidate8))), CONDITIONAL)
[10:07:59] - Aggiunta del commitment completata, cc(candidate8, evaluator5, makeOffer(evaluator5), (makeOffer(evaluator5) THEN (responseYes(candidate8) OR responseNo(candidate8))), CONDITIONAL)
[10:07:59] - CREATE CONCRETE COMMITMENT INTERNAL
[10:07:59] - Checking commitments:
TO ADD: cc(evaluator7, hirer2, (postJob(hirer2) THEN apply(candidate9)), (postJob(hirer2) THEN (apply(candidate9) THEN ((positionFilled(hirer2) THEN msgPositionClosed(evaluator7)) OR ((checkPosition(evaluator7) THEN msgPositionClosed(evaluator7)) OR (checkPosition(evaluator7) THEN (screenInterview(evaluator7) THEN (msgRejectionNotice(evaluator7) OR (makeOffer(evaluator7) THEN ((responseYes(candidate9) THEN offerAccepted(evaluator7)) OR (responseNo(candidate9) THEN offerRejected(evaluator7))))))))))), CONDITIONAL)
ACTUAL: cc(hirer2, evaluator, offerAccepted(evaluator), (offerAccepted(evaluator) THEN positionFilled(hirer2)), CONDITIONAL)
[10:07:59] - CREATE CONCRETE COMMITMENT INTERNAL
[10:07:59] - Checking commitments:
TO ADD: cc(evaluator7, hirer2, (postJob(hirer2) THEN apply(candidate9)), (postJob(hirer2) THEN (apply(candidate9) THEN ((positionFilled(hirer2) THEN msgPositionClosed(evaluator7)) OR ((checkPosition(evaluator7) THEN msgPositionClosed(evaluator7)) OR (checkPosition(evaluator7) THEN (screenInterview(evaluator7) THEN (msgRejectionNotice(evaluator7) OR (makeOffer(evaluator7) THEN ((responseYes(candidate9) THEN offerAccepted(evaluator7)) OR (responseNo(candidate9) THEN offerRejected(evaluator7))))))))))), CONDITIONAL)
ACTUAL: cc(hirer2, boss1, openPosition(boss1), (openPosition(boss1) THEN postJob(hirer2)), CONDITIONAL)
[10:07:59] - CREATE CONCRETE COMMITMENT INTERNAL
[10:07:59] - Checking commitments:
TO ADD: cc(evaluator7, hirer2, (postJob(hirer2) THEN apply(candidate9)), (postJob(hirer2) THEN (apply(candidate9) THEN ((positionFilled(hirer2) THEN msgPositionClosed(evaluator7)) OR ((checkPosition(evaluator7) THEN msgPositionClosed(evaluator7)) OR (checkPosition(evaluator7) THEN (screenInterview(evaluator7) THEN (msgRejectionNotice(evaluator7) OR (makeOffer(evaluator7) THEN ((responseYes(candidate9) THEN offerAccepted(evaluator7)) OR (responseNo(candidate9) THEN offerRejected(evaluator7))))))))))), CONDITIONAL)
ACTUAL: cc(hirer2, boss1, (postJob(hirer2) THEN (offerAccepted(evaluator) OR timeout3months(hirer2))), (postJob(hirer2) THEN ((offerAccepted(evaluator) THEN positionFilled(hirer2)) OR (timeout3months(hirer2) THEN positionAbandoned(hirer2)))), CONDITIONAL)
[10:07:59] - CREATE CONCRETE COMMITMENT INTERNAL
[10:07:59] - Checking commitments:
TO ADD: cc(evaluator7, hirer2, (postJob(hirer2) THEN apply(candidate9)), (postJob(hirer2) THEN (apply(candidate9) THEN ((positionFilled(hirer2) THEN msgPositionClosed(evaluator7)) OR ((checkPosition(evaluator7) THEN msgPositionClosed(evaluator7)) OR (checkPosition(evaluator7) THEN (screenInterview(evaluator7) THEN (msgRejectionNotice(evaluator7) OR (makeOffer(evaluator7) THEN ((responseYes(candidate9) THEN offerAccepted(evaluator7)) OR (responseNo(candidate9) THEN offerRejected(evaluator7))))))))))), CONDITIONAL)
ACTUAL: cc(evaluator4, hirer2, (postJob(hirer2) THEN apply(candidate6)), (postJob(hirer2) THEN (apply(candidate6) THEN ((positionFilled(hirer2) THEN msgPositionClosed(evaluator4)) OR ((checkPosition(evaluator4) THEN msgPositionClosed(evaluator4)) OR (checkPosition(evaluator4) THEN (screenInterview(evaluator4) THEN (msgRejectionNotice(evaluator4) OR (makeOffer(evaluator4) THEN ((responseYes(candidate6) THEN offerAccepted(evaluator4)) OR (responseNo(candidate6) THEN offerRejected(evaluator4))))))))))), CONDITIONAL)
[10:07:59] - CREATE CONCRETE COMMITMENT INTERNAL
[10:07:59] - Checking commitments:
TO ADD: cc(evaluator7, hirer2, (postJob(hirer2) THEN apply(candidate9)), (postJob(hirer2) THEN (apply(candidate9) THEN ((positionFilled(hirer2) THEN msgPositionClosed(evaluator7)) OR ((checkPosition(evaluator7) THEN msgPositionClosed(evaluator7)) OR (checkPosition(evaluator7) THEN (screenInterview(evaluator7) THEN (msgRejectionNotice(evaluator7) OR (makeOffer(evaluator7) THEN ((responseYes(candidate9) THEN offerAccepted(evaluator7)) OR (responseNo(candidate9) THEN offerRejected(evaluator7))))))))))), CONDITIONAL)
ACTUAL: cc(evaluator4, candidate6, (postJob(hirer2) THEN apply(candidate6)), (postJob(hirer2) THEN (apply(candidate6) THEN (msgPositionClosed(evaluator4) OR (msgRejectionNotice(evaluator4) OR makeOffer(evaluator4))))), CONDITIONAL)
[10:07:59] - CREATE CONCRETE COMMITMENT INTERNAL
[10:07:59] - Checking commitments:
TO ADD: cc(evaluator7, hirer2, (postJob(hirer2) THEN apply(candidate9)), (postJob(hirer2) THEN (apply(candidate9) THEN ((positionFilled(hirer2) THEN msgPositionClosed(evaluator7)) OR ((checkPosition(evaluator7) THEN msgPositionClosed(evaluator7)) OR (checkPosition(evaluator7) THEN (screenInterview(evaluator7) THEN (msgRejectionNotice(evaluator7) OR (makeOffer(evaluator7) THEN ((responseYes(candidate9) THEN offerAccepted(evaluator7)) OR (responseNo(candidate9) THEN offerRejected(evaluator7))))))))))), CONDITIONAL)
ACTUAL: cc(candidate6, evaluator4, makeOffer(evaluator4), (makeOffer(evaluator4) THEN (responseYes(candidate6) OR responseNo(candidate6))), CONDITIONAL)
[10:07:59] - CREATE CONCRETE COMMITMENT INTERNAL
[10:07:59] - Checking commitments:
TO ADD: cc(evaluator7, hirer2, (postJob(hirer2) THEN apply(candidate9)), (postJob(hirer2) THEN (apply(candidate9) THEN ((positionFilled(hirer2) THEN msgPositionClosed(evaluator7)) OR ((checkPosition(evaluator7) THEN msgPositionClosed(evaluator7)) OR (checkPosition(evaluator7) THEN (screenInterview(evaluator7) THEN (msgRejectionNotice(evaluator7) OR (makeOffer(evaluator7) THEN ((responseYes(candidate9) THEN offerAccepted(evaluator7)) OR (responseNo(candidate9) THEN offerRejected(evaluator7))))))))))), CONDITIONAL)
ACTUAL: cc(evaluator5, hirer2, (postJob(hirer2) THEN apply(candidate8)), (postJob(hirer2) THEN (apply(candidate8) THEN ((positionFilled(hirer2) THEN msgPositionClosed(evaluator5)) OR ((checkPosition(evaluator5) THEN msgPositionClosed(evaluator5)) OR (checkPosition(evaluator5) THEN (screenInterview(evaluator5) THEN (msgRejectionNotice(evaluator5) OR (makeOffer(evaluator5) THEN ((responseYes(candidate8) THEN offerAccepted(evaluator5)) OR (responseNo(candidate8) THEN offerRejected(evaluator5))))))))))), CONDITIONAL)
[10:07:59] - CREATE CONCRETE COMMITMENT INTERNAL
[10:07:59] - Checking commitments:
TO ADD: cc(evaluator7, hirer2, (postJob(hirer2) THEN apply(candidate9)), (postJob(hirer2) THEN (apply(candidate9) THEN ((positionFilled(hirer2) THEN msgPositionClosed(evaluator7)) OR ((checkPosition(evaluator7) THEN msgPositionClosed(evaluator7)) OR (checkPosition(evaluator7) THEN (screenInterview(evaluator7) THEN (msgRejectionNotice(evaluator7) OR (makeOffer(evaluator7) THEN ((responseYes(candidate9) THEN offerAccepted(evaluator7)) OR (responseNo(candidate9) THEN offerRejected(evaluator7))))))))))), CONDITIONAL)
ACTUAL: cc(evaluator5, candidate8, (postJob(hirer2) THEN apply(candidate8)), (postJob(hirer2) THEN (apply(candidate8) THEN (msgPositionClosed(evaluator5) OR (msgRejectionNotice(evaluator5) OR makeOffer(evaluator5))))), CONDITIONAL)
[10:07:59] - CREATE CONCRETE COMMITMENT INTERNAL
[10:07:59] - Checking commitments:
TO ADD: cc(evaluator7, hirer2, (postJob(hirer2) THEN apply(candidate9)), (postJob(hirer2) THEN (apply(candidate9) THEN ((positionFilled(hirer2) THEN msgPositionClosed(evaluator7)) OR ((checkPosition(evaluator7) THEN msgPositionClosed(evaluator7)) OR (checkPosition(evaluator7) THEN (screenInterview(evaluator7) THEN (msgRejectionNotice(evaluator7) OR (makeOffer(evaluator7) THEN ((responseYes(candidate9) THEN offerAccepted(evaluator7)) OR (responseNo(candidate9) THEN offerRejected(evaluator7))))))))))), CONDITIONAL)
ACTUAL: cc(candidate8, evaluator5, makeOffer(evaluator5), (makeOffer(evaluator5) THEN (responseYes(candidate8) OR responseNo(candidate8))), CONDITIONAL)
[10:07:59] - Commitment added: cc(evaluator7, hirer2, (postJob(hirer2) THEN apply(candidate9)), (postJob(hirer2) THEN (apply(candidate9) THEN ((positionFilled(hirer2) THEN msgPositionClosed(evaluator7)) OR ((checkPosition(evaluator7) THEN msgPositionClosed(evaluator7)) OR (checkPosition(evaluator7) THEN (screenInterview(evaluator7) THEN (msgRejectionNotice(evaluator7) OR (makeOffer(evaluator7) THEN ((responseYes(candidate9) THEN offerAccepted(evaluator7)) OR (responseNo(candidate9) THEN offerRejected(evaluator7))))))))))), CONDITIONAL)
[10:07:59] - Aggiunta del commitment completata, cc(evaluator7, hirer2, (postJob(hirer2) THEN apply(candidate9)), (postJob(hirer2) THEN (apply(candidate9) THEN ((positionFilled(hirer2) THEN msgPositionClosed(evaluator7)) OR ((checkPosition(evaluator7) THEN msgPositionClosed(evaluator7)) OR (checkPosition(evaluator7) THEN (screenInterview(evaluator7) THEN (msgRejectionNotice(evaluator7) OR (makeOffer(evaluator7) THEN ((responseYes(candidate9) THEN offerAccepted(evaluator7)) OR (responseNo(candidate9) THEN offerRejected(evaluator7))))))))))), CONDITIONAL)
[10:07:59] - CREATE CONCRETE COMMITMENT INTERNAL
[10:07:59] - Checking commitments:
TO ADD: cc(evaluator7, candidate9, (postJob(hirer2) THEN apply(candidate9)), (postJob(hirer2) THEN (apply(candidate9) THEN (msgPositionClosed(evaluator7) OR (msgRejectionNotice(evaluator7) OR makeOffer(evaluator7))))), CONDITIONAL)
ACTUAL: cc(hirer2, evaluator, offerAccepted(evaluator), (offerAccepted(evaluator) THEN positionFilled(hirer2)), CONDITIONAL)
[10:07:59] - CREATE CONCRETE COMMITMENT INTERNAL
[10:07:59] - Checking commitments:
TO ADD: cc(evaluator7, candidate9, (postJob(hirer2) THEN apply(candidate9)), (postJob(hirer2) THEN (apply(candidate9) THEN (msgPositionClosed(evaluator7) OR (msgRejectionNotice(evaluator7) OR makeOffer(evaluator7))))), CONDITIONAL)
ACTUAL: cc(hirer2, boss1, openPosition(boss1), (openPosition(boss1) THEN postJob(hirer2)), CONDITIONAL)
[10:07:59] - CREATE CONCRETE COMMITMENT INTERNAL
[10:07:59] - Checking commitments:
TO ADD: cc(evaluator7, candidate9, (postJob(hirer2) THEN apply(candidate9)), (postJob(hirer2) THEN (apply(candidate9) THEN (msgPositionClosed(evaluator7) OR (msgRejectionNotice(evaluator7) OR makeOffer(evaluator7))))), CONDITIONAL)
ACTUAL: cc(hirer2, boss1, (postJob(hirer2) THEN (offerAccepted(evaluator) OR timeout3months(hirer2))), (postJob(hirer2) THEN ((offerAccepted(evaluator) THEN positionFilled(hirer2)) OR (timeout3months(hirer2) THEN positionAbandoned(hirer2)))), CONDITIONAL)
[10:07:59] - CREATE CONCRETE COMMITMENT INTERNAL
[10:07:59] - Checking commitments:
TO ADD: cc(evaluator7, candidate9, (postJob(hirer2) THEN apply(candidate9)), (postJob(hirer2) THEN (apply(candidate9) THEN (msgPositionClosed(evaluator7) OR (msgRejectionNotice(evaluator7) OR makeOffer(evaluator7))))), CONDITIONAL)
ACTUAL: cc(evaluator4, hirer2, (postJob(hirer2) THEN apply(candidate6)), (postJob(hirer2) THEN (apply(candidate6) THEN ((positionFilled(hirer2) THEN msgPositionClosed(evaluator4)) OR ((checkPosition(evaluator4) THEN msgPositionClosed(evaluator4)) OR (checkPosition(evaluator4) THEN (screenInterview(evaluator4) THEN (msgRejectionNotice(evaluator4) OR (makeOffer(evaluator4) THEN ((responseYes(candidate6) THEN offerAccepted(evaluator4)) OR (responseNo(candidate6) THEN offerRejected(evaluator4))))))))))), CONDITIONAL)
[10:07:59] - CREATE CONCRETE COMMITMENT INTERNAL
[10:07:59] - Checking commitments:
TO ADD: cc(evaluator7, candidate9, (postJob(hirer2) THEN apply(candidate9)), (postJob(hirer2) THEN (apply(candidate9) THEN (msgPositionClosed(evaluator7) OR (msgRejectionNotice(evaluator7) OR makeOffer(evaluator7))))), CONDITIONAL)
ACTUAL: cc(evaluator4, candidate6, (postJob(hirer2) THEN apply(candidate6)), (postJob(hirer2) THEN (apply(candidate6) THEN (msgPositionClosed(evaluator4) OR (msgRejectionNotice(evaluator4) OR makeOffer(evaluator4))))), CONDITIONAL)
[10:07:59] - CREATE CONCRETE COMMITMENT INTERNAL
[10:07:59] - Checking commitments:
TO ADD: cc(evaluator7, candidate9, (postJob(hirer2) THEN apply(candidate9)), (postJob(hirer2) THEN (apply(candidate9) THEN (msgPositionClosed(evaluator7) OR (msgRejectionNotice(evaluator7) OR makeOffer(evaluator7))))), CONDITIONAL)
ACTUAL: cc(candidate6, evaluator4, makeOffer(evaluator4), (makeOffer(evaluator4) THEN (responseYes(candidate6) OR responseNo(candidate6))), CONDITIONAL)
[10:07:59] - CREATE CONCRETE COMMITMENT INTERNAL
[10:07:59] - Checking commitments:
TO ADD: cc(evaluator7, candidate9, (postJob(hirer2) THEN apply(candidate9)), (postJob(hirer2) THEN (apply(candidate9) THEN (msgPositionClosed(evaluator7) OR (msgRejectionNotice(evaluator7) OR makeOffer(evaluator7))))), CONDITIONAL)
ACTUAL: cc(evaluator5, hirer2, (postJob(hirer2) THEN apply(candidate8)), (postJob(hirer2) THEN (apply(candidate8) THEN ((positionFilled(hirer2) THEN msgPositionClosed(evaluator5)) OR ((checkPosition(evaluator5) THEN msgPositionClosed(evaluator5)) OR (checkPosition(evaluator5) THEN (screenInterview(evaluator5) THEN (msgRejectionNotice(evaluator5) OR (makeOffer(evaluator5) THEN ((responseYes(candidate8) THEN offerAccepted(evaluator5)) OR (responseNo(candidate8) THEN offerRejected(evaluator5))))))))))), CONDITIONAL)
[10:07:59] - CREATE CONCRETE COMMITMENT INTERNAL
[10:07:59] - Checking commitments:
TO ADD: cc(evaluator7, candidate9, (postJob(hirer2) THEN apply(candidate9)), (postJob(hirer2) THEN (apply(candidate9) THEN (msgPositionClosed(evaluator7) OR (msgRejectionNotice(evaluator7) OR makeOffer(evaluator7))))), CONDITIONAL)
ACTUAL: cc(evaluator5, candidate8, (postJob(hirer2) THEN apply(candidate8)), (postJob(hirer2) THEN (apply(candidate8) THEN (msgPositionClosed(evaluator5) OR (msgRejectionNotice(evaluator5) OR makeOffer(evaluator5))))), CONDITIONAL)
[10:07:59] - CREATE CONCRETE COMMITMENT INTERNAL
[10:07:59] - Checking commitments:
TO ADD: cc(evaluator7, candidate9, (postJob(hirer2) THEN apply(candidate9)), (postJob(hirer2) THEN (apply(candidate9) THEN (msgPositionClosed(evaluator7) OR (msgRejectionNotice(evaluator7) OR makeOffer(evaluator7))))), CONDITIONAL)
ACTUAL: cc(candidate8, evaluator5, makeOffer(evaluator5), (makeOffer(evaluator5) THEN (responseYes(candidate8) OR responseNo(candidate8))), CONDITIONAL)
[10:07:59] - CREATE CONCRETE COMMITMENT INTERNAL
[10:07:59] - Checking commitments:
TO ADD: cc(evaluator7, candidate9, (postJob(hirer2) THEN apply(candidate9)), (postJob(hirer2) THEN (apply(candidate9) THEN (msgPositionClosed(evaluator7) OR (msgRejectionNotice(evaluator7) OR makeOffer(evaluator7))))), CONDITIONAL)
ACTUAL: cc(evaluator7, hirer2, (postJob(hirer2) THEN apply(candidate9)), (postJob(hirer2) THEN (apply(candidate9) THEN ((positionFilled(hirer2) THEN msgPositionClosed(evaluator7)) OR ((checkPosition(evaluator7) THEN msgPositionClosed(evaluator7)) OR (checkPosition(evaluator7) THEN (screenInterview(evaluator7) THEN (msgRejectionNotice(evaluator7) OR (makeOffer(evaluator7) THEN ((responseYes(candidate9) THEN offerAccepted(evaluator7)) OR (responseNo(candidate9) THEN offerRejected(evaluator7))))))))))), CONDITIONAL)
[10:07:59] - Commitment added: cc(evaluator7, candidate9, (postJob(hirer2) THEN apply(candidate9)), (postJob(hirer2) THEN (apply(candidate9) THEN (msgPositionClosed(evaluator7) OR (msgRejectionNotice(evaluator7) OR makeOffer(evaluator7))))), CONDITIONAL)
[10:07:59] - Aggiunta del commitment completata, cc(evaluator7, candidate9, (postJob(hirer2) THEN apply(candidate9)), (postJob(hirer2) THEN (apply(candidate9) THEN (msgPositionClosed(evaluator7) OR (msgRejectionNotice(evaluator7) OR makeOffer(evaluator7))))), CONDITIONAL)
[10:07:59] - CREATE CONCRETE COMMITMENT INTERNAL
[10:07:59] - Checking commitments:
TO ADD: cc(candidate9, evaluator7, makeOffer(evaluator7), (makeOffer(evaluator7) THEN (responseYes(candidate9) OR responseNo(candidate9))), CONDITIONAL)
ACTUAL: cc(hirer2, evaluator, offerAccepted(evaluator), (offerAccepted(evaluator) THEN positionFilled(hirer2)), CONDITIONAL)
[10:07:59] - CREATE CONCRETE COMMITMENT INTERNAL
[10:07:59] - Checking commitments:
TO ADD: cc(candidate9, evaluator7, makeOffer(evaluator7), (makeOffer(evaluator7) THEN (responseYes(candidate9) OR responseNo(candidate9))), CONDITIONAL)
ACTUAL: cc(hirer2, boss1, openPosition(boss1), (openPosition(boss1) THEN postJob(hirer2)), CONDITIONAL)
[10:07:59] - CREATE CONCRETE COMMITMENT INTERNAL
[10:07:59] - Checking commitments:
TO ADD: cc(candidate9, evaluator7, makeOffer(evaluator7), (makeOffer(evaluator7) THEN (responseYes(candidate9) OR responseNo(candidate9))), CONDITIONAL)
ACTUAL: cc(hirer2, boss1, (postJob(hirer2) THEN (offerAccepted(evaluator) OR timeout3months(hirer2))), (postJob(hirer2) THEN ((offerAccepted(evaluator) THEN positionFilled(hirer2)) OR (timeout3months(hirer2) THEN positionAbandoned(hirer2)))), CONDITIONAL)
[10:07:59] - CREATE CONCRETE COMMITMENT INTERNAL
[10:07:59] - Checking commitments:
TO ADD: cc(candidate9, evaluator7, makeOffer(evaluator7), (makeOffer(evaluator7) THEN (responseYes(candidate9) OR responseNo(candidate9))), CONDITIONAL)
ACTUAL: cc(evaluator4, hirer2, (postJob(hirer2) THEN apply(candidate6)), (postJob(hirer2) THEN (apply(candidate6) THEN ((positionFilled(hirer2) THEN msgPositionClosed(evaluator4)) OR ((checkPosition(evaluator4) THEN msgPositionClosed(evaluator4)) OR (checkPosition(evaluator4) THEN (screenInterview(evaluator4) THEN (msgRejectionNotice(evaluator4) OR (makeOffer(evaluator4) THEN ((responseYes(candidate6) THEN offerAccepted(evaluator4)) OR (responseNo(candidate6) THEN offerRejected(evaluator4))))))))))), CONDITIONAL)
[10:07:59] - CREATE CONCRETE COMMITMENT INTERNAL
[10:07:59] - Checking commitments:
TO ADD: cc(candidate9, evaluator7, makeOffer(evaluator7), (makeOffer(evaluator7) THEN (responseYes(candidate9) OR responseNo(candidate9))), CONDITIONAL)
ACTUAL: cc(evaluator4, candidate6, (postJob(hirer2) THEN apply(candidate6)), (postJob(hirer2) THEN (apply(candidate6) THEN (msgPositionClosed(evaluator4) OR (msgRejectionNotice(evaluator4) OR makeOffer(evaluator4))))), CONDITIONAL)
[10:07:59] - CREATE CONCRETE COMMITMENT INTERNAL
[10:07:59] - Checking commitments:
TO ADD: cc(candidate9, evaluator7, makeOffer(evaluator7), (makeOffer(evaluator7) THEN (responseYes(candidate9) OR responseNo(candidate9))), CONDITIONAL)
ACTUAL: cc(candidate6, evaluator4, makeOffer(evaluator4), (makeOffer(evaluator4) THEN (responseYes(candidate6) OR responseNo(candidate6))), CONDITIONAL)
[10:07:59] - CREATE CONCRETE COMMITMENT INTERNAL
[10:07:59] - Checking commitments:
TO ADD: cc(candidate9, evaluator7, makeOffer(evaluator7), (makeOffer(evaluator7) THEN (responseYes(candidate9) OR responseNo(candidate9))), CONDITIONAL)
ACTUAL: cc(evaluator5, hirer2, (postJob(hirer2) THEN apply(candidate8)), (postJob(hirer2) THEN (apply(candidate8) THEN ((positionFilled(hirer2) THEN msgPositionClosed(evaluator5)) OR ((checkPosition(evaluator5) THEN msgPositionClosed(evaluator5)) OR (checkPosition(evaluator5) THEN (screenInterview(evaluator5) THEN (msgRejectionNotice(evaluator5) OR (makeOffer(evaluator5) THEN ((responseYes(candidate8) THEN offerAccepted(evaluator5)) OR (responseNo(candidate8) THEN offerRejected(evaluator5))))))))))), CONDITIONAL)
[10:07:59] - CREATE CONCRETE COMMITMENT INTERNAL
[10:07:59] - Checking commitments:
TO ADD: cc(candidate9, evaluator7, makeOffer(evaluator7), (makeOffer(evaluator7) THEN (responseYes(candidate9) OR responseNo(candidate9))), CONDITIONAL)
ACTUAL: cc(evaluator5, candidate8, (postJob(hirer2) THEN apply(candidate8)), (postJob(hirer2) THEN (apply(candidate8) THEN (msgPositionClosed(evaluator5) OR (msgRejectionNotice(evaluator5) OR makeOffer(evaluator5))))), CONDITIONAL)
[10:07:59] - CREATE CONCRETE COMMITMENT INTERNAL
[10:07:59] - Checking commitments:
TO ADD: cc(candidate9, evaluator7, makeOffer(evaluator7), (makeOffer(evaluator7) THEN (responseYes(candidate9) OR responseNo(candidate9))), CONDITIONAL)
ACTUAL: cc(candidate8, evaluator5, makeOffer(evaluator5), (makeOffer(evaluator5) THEN (responseYes(candidate8) OR responseNo(candidate8))), CONDITIONAL)
[10:07:59] - CREATE CONCRETE COMMITMENT INTERNAL
[10:07:59] - Checking commitments:
TO ADD: cc(candidate9, evaluator7, makeOffer(evaluator7), (makeOffer(evaluator7) THEN (responseYes(candidate9) OR responseNo(candidate9))), CONDITIONAL)
ACTUAL: cc(evaluator7, hirer2, (postJob(hirer2) THEN apply(candidate9)), (postJob(hirer2) THEN (apply(candidate9) THEN ((positionFilled(hirer2) THEN msgPositionClosed(evaluator7)) OR ((checkPosition(evaluator7) THEN msgPositionClosed(evaluator7)) OR (checkPosition(evaluator7) THEN (screenInterview(evaluator7) THEN (msgRejectionNotice(evaluator7) OR (makeOffer(evaluator7) THEN ((responseYes(candidate9) THEN offerAccepted(evaluator7)) OR (responseNo(candidate9) THEN offerRejected(evaluator7))))))))))), CONDITIONAL)
[10:07:59] - CREATE CONCRETE COMMITMENT INTERNAL
[10:07:59] - Checking commitments:
TO ADD: cc(candidate9, evaluator7, makeOffer(evaluator7), (makeOffer(evaluator7) THEN (responseYes(candidate9) OR responseNo(candidate9))), CONDITIONAL)
ACTUAL: cc(evaluator7, candidate9, (postJob(hirer2) THEN apply(candidate9)), (postJob(hirer2) THEN (apply(candidate9) THEN (msgPositionClosed(evaluator7) OR (msgRejectionNotice(evaluator7) OR makeOffer(evaluator7))))), CONDITIONAL)
[10:07:59] - Commitment added: cc(candidate9, evaluator7, makeOffer(evaluator7), (makeOffer(evaluator7) THEN (responseYes(candidate9) OR responseNo(candidate9))), CONDITIONAL)
[10:07:59] - Aggiunta del commitment completata, cc(candidate9, evaluator7, makeOffer(evaluator7), (makeOffer(evaluator7) THEN (responseYes(candidate9) OR responseNo(candidate9))), CONDITIONAL)
[10:08:03] - Added fact: openPosition(boss1)
[10:08:03] - Added fact: openPosition(boss1)
[10:08:03] - Changing status of commitment: cc(hirer2, boss1, openPosition(boss1), (openPosition(boss1) THEN postJob(hirer2)), CONDITIONAL)
[10:08:03] - New status: cc(hirer2, boss1, openPosition(boss1), (openPosition(boss1) THEN postJob(hirer2)), DETACHED)
[10:08:07] - Added fact: postJob(hirer2)
[10:08:07] - Added fact: postJob(hirer2)
[10:08:07] - Changing status of commitment: cc(hirer2, boss1, openPosition(boss1), (openPosition(boss1) THEN postJob(hirer2)), DETACHED)
[10:08:07] - New status: cc(hirer2, boss1, openPosition(boss1), (openPosition(boss1) THEN postJob(hirer2)), SATISFIED)
[10:08:09] - Added fact: apply(candidate9)
[10:08:09] - Added fact: apply(candidate9)
[10:08:09] - Changing status of commitment: cc(evaluator7, hirer2, (postJob(hirer2) THEN apply(candidate9)), (postJob(hirer2) THEN (apply(candidate9) THEN ((positionFilled(hirer2) THEN msgPositionClosed(evaluator7)) OR ((checkPosition(evaluator7) THEN msgPositionClosed(evaluator7)) OR (checkPosition(evaluator7) THEN (screenInterview(evaluator7) THEN (msgRejectionNotice(evaluator7) OR (makeOffer(evaluator7) THEN ((responseYes(candidate9) THEN offerAccepted(evaluator7)) OR (responseNo(candidate9) THEN offerRejected(evaluator7))))))))))), CONDITIONAL)
[10:08:09] - New status: cc(evaluator7, hirer2, (postJob(hirer2) THEN apply(candidate9)), (postJob(hirer2) THEN (apply(candidate9) THEN ((positionFilled(hirer2) THEN msgPositionClosed(evaluator7)) OR ((checkPosition(evaluator7) THEN msgPositionClosed(evaluator7)) OR (checkPosition(evaluator7) THEN (screenInterview(evaluator7) THEN (msgRejectionNotice(evaluator7) OR (makeOffer(evaluator7) THEN ((responseYes(candidate9) THEN offerAccepted(evaluator7)) OR (responseNo(candidate9) THEN offerRejected(evaluator7))))))))))), DETACHED)
[10:08:09] - Changing status of commitment: cc(evaluator7, candidate9, (postJob(hirer2) THEN apply(candidate9)), (postJob(hirer2) THEN (apply(candidate9) THEN (msgPositionClosed(evaluator7) OR (msgRejectionNotice(evaluator7) OR makeOffer(evaluator7))))), CONDITIONAL)
[10:08:09] - New status: cc(evaluator7, candidate9, (postJob(hirer2) THEN apply(candidate9)), (postJob(hirer2) THEN (apply(candidate9) THEN (msgPositionClosed(evaluator7) OR (msgRejectionNotice(evaluator7) OR makeOffer(evaluator7))))), DETACHED)
[10:08:10] - Added fact: checkPosition(evaluator7)
[10:08:10] - Added fact: checkPosition(evaluator7)
[10:08:10] - Added fact: apply(candidate6)
[10:08:10] - Added fact: apply(candidate6)
[10:08:10] - Changing status of commitment: cc(evaluator4, hirer2, (postJob(hirer2) THEN apply(candidate6)), (postJob(hirer2) THEN (apply(candidate6) THEN ((positionFilled(hirer2) THEN msgPositionClosed(evaluator4)) OR ((checkPosition(evaluator4) THEN msgPositionClosed(evaluator4)) OR (checkPosition(evaluator4) THEN (screenInterview(evaluator4) THEN (msgRejectionNotice(evaluator4) OR (makeOffer(evaluator4) THEN ((responseYes(candidate6) THEN offerAccepted(evaluator4)) OR (responseNo(candidate6) THEN offerRejected(evaluator4))))))))))), CONDITIONAL)
[10:08:10] - New status: cc(evaluator4, hirer2, (postJob(hirer2) THEN apply(candidate6)), (postJob(hirer2) THEN (apply(candidate6) THEN ((positionFilled(hirer2) THEN msgPositionClosed(evaluator4)) OR ((checkPosition(evaluator4) THEN msgPositionClosed(evaluator4)) OR (checkPosition(evaluator4) THEN (screenInterview(evaluator4) THEN (msgRejectionNotice(evaluator4) OR (makeOffer(evaluator4) THEN ((responseYes(candidate6) THEN offerAccepted(evaluator4)) OR (responseNo(candidate6) THEN offerRejected(evaluator4))))))))))), DETACHED)
[10:08:10] - Changing status of commitment: cc(evaluator4, candidate6, (postJob(hirer2) THEN apply(candidate6)), (postJob(hirer2) THEN (apply(candidate6) THEN (msgPositionClosed(evaluator4) OR (msgRejectionNotice(evaluator4) OR makeOffer(evaluator4))))), CONDITIONAL)
[10:08:10] - New status: cc(evaluator4, candidate6, (postJob(hirer2) THEN apply(candidate6)), (postJob(hirer2) THEN (apply(candidate6) THEN (msgPositionClosed(evaluator4) OR (msgRejectionNotice(evaluator4) OR makeOffer(evaluator4))))), DETACHED)
[10:08:12] - Added fact: apply(candidate8)
[10:08:12] - Added fact: apply(candidate8)
[10:08:12] - Changing status of commitment: cc(evaluator5, hirer2, (postJob(hirer2) THEN apply(candidate8)), (postJob(hirer2) THEN (apply(candidate8) THEN ((positionFilled(hirer2) THEN msgPositionClosed(evaluator5)) OR ((checkPosition(evaluator5) THEN msgPositionClosed(evaluator5)) OR (checkPosition(evaluator5) THEN (screenInterview(evaluator5) THEN (msgRejectionNotice(evaluator5) OR (makeOffer(evaluator5) THEN ((responseYes(candidate8) THEN offerAccepted(evaluator5)) OR (responseNo(candidate8) THEN offerRejected(evaluator5))))))))))), CONDITIONAL)
[10:08:12] - New status: cc(evaluator5, hirer2, (postJob(hirer2) THEN apply(candidate8)), (postJob(hirer2) THEN (apply(candidate8) THEN ((positionFilled(hirer2) THEN msgPositionClosed(evaluator5)) OR ((checkPosition(evaluator5) THEN msgPositionClosed(evaluator5)) OR (checkPosition(evaluator5) THEN (screenInterview(evaluator5) THEN (msgRejectionNotice(evaluator5) OR (makeOffer(evaluator5) THEN ((responseYes(candidate8) THEN offerAccepted(evaluator5)) OR (responseNo(candidate8) THEN offerRejected(evaluator5))))))))))), DETACHED)
[10:08:12] - Changing status of commitment: cc(evaluator5, candidate8, (postJob(hirer2) THEN apply(candidate8)), (postJob(hirer2) THEN (apply(candidate8) THEN (msgPositionClosed(evaluator5) OR (msgRejectionNotice(evaluator5) OR makeOffer(evaluator5))))), CONDITIONAL)
[10:08:12] - New status: cc(evaluator5, candidate8, (postJob(hirer2) THEN apply(candidate8)), (postJob(hirer2) THEN (apply(candidate8) THEN (msgPositionClosed(evaluator5) OR (msgRejectionNotice(evaluator5) OR makeOffer(evaluator5))))), DETACHED)
[10:08:12] - Added fact: screenInterview(evaluator7)
[10:08:12] - Added fact: screenInterview(evaluator7)
[10:08:15] - Added fact: makeOffer(evaluator7)
[10:08:15] - Added fact: makeOffer(evaluator7)
[10:08:15] - Changing status of commitment: cc(evaluator7, candidate9, (postJob(hirer2) THEN apply(candidate9)), (postJob(hirer2) THEN (apply(candidate9) THEN (msgPositionClosed(evaluator7) OR (msgRejectionNotice(evaluator7) OR makeOffer(evaluator7))))), DETACHED)
[10:08:15] - New status: cc(evaluator7, candidate9, (postJob(hirer2) THEN apply(candidate9)), (postJob(hirer2) THEN (apply(candidate9) THEN (msgPositionClosed(evaluator7) OR (msgRejectionNotice(evaluator7) OR makeOffer(evaluator7))))), SATISFIED)
[10:08:15] - Changing status of commitment: cc(candidate9, evaluator7, makeOffer(evaluator7), (makeOffer(evaluator7) THEN (responseYes(candidate9) OR responseNo(candidate9))), CONDITIONAL)
[10:08:15] - New status: cc(candidate9, evaluator7, makeOffer(evaluator7), (makeOffer(evaluator7) THEN (responseYes(candidate9) OR responseNo(candidate9))), DETACHED)
[10:08:19] - Added fact: checkPosition(evaluator4)
[10:08:19] - Added fact: checkPosition(evaluator5)
[10:08:19] - Added fact: checkPosition(evaluator4)
[10:08:19] - Added fact: checkPosition(evaluator5)
[10:08:20] - Added fact: responseNo(candidate9)
[10:08:20] - Added fact: responseNo(candidate9)
[10:08:20] - Changing status of commitment: cc(candidate9, evaluator7, makeOffer(evaluator7), (makeOffer(evaluator7) THEN (responseYes(candidate9) OR responseNo(candidate9))), DETACHED)
[10:08:20] - New status: cc(candidate9, evaluator7, makeOffer(evaluator7), (makeOffer(evaluator7) THEN (responseYes(candidate9) OR responseNo(candidate9))), SATISFIED)
[10:08:21] - Added fact: screenInterview(evaluator4)
[10:08:21] - Added fact: screenInterview(evaluator4)
[10:08:23] - Added fact: offerRejected(evaluator7)
[10:08:23] - Added fact: offerRejected(evaluator7)
[10:08:23] - Changing status of commitment: cc(evaluator7, hirer2, (postJob(hirer2) THEN apply(candidate9)), (postJob(hirer2) THEN (apply(candidate9) THEN ((positionFilled(hirer2) THEN msgPositionClosed(evaluator7)) OR ((checkPosition(evaluator7) THEN msgPositionClosed(evaluator7)) OR (checkPosition(evaluator7) THEN (screenInterview(evaluator7) THEN (msgRejectionNotice(evaluator7) OR (makeOffer(evaluator7) THEN ((responseYes(candidate9) THEN offerAccepted(evaluator7)) OR (responseNo(candidate9) THEN offerRejected(evaluator7))))))))))), DETACHED)
[10:08:23] - New status: cc(evaluator7, hirer2, (postJob(hirer2) THEN apply(candidate9)), (postJob(hirer2) THEN (apply(candidate9) THEN ((positionFilled(hirer2) THEN msgPositionClosed(evaluator7)) OR ((checkPosition(evaluator7) THEN msgPositionClosed(evaluator7)) OR (checkPosition(evaluator7) THEN (screenInterview(evaluator7) THEN (msgRejectionNotice(evaluator7) OR (makeOffer(evaluator7) THEN ((responseYes(candidate9) THEN offerAccepted(evaluator7)) OR (responseNo(candidate9) THEN offerRejected(evaluator7))))))))))), SATISFIED)
[10:08:23] - Added fact: screenInterview(evaluator5)
[10:08:23] - Added fact: screenInterview(evaluator5)
[10:08:24] - Added fact: msgRejectionNotice(evaluator4)
[10:08:24] - Added fact: msgRejectionNotice(evaluator4)
[10:08:24] - Changing status of commitment: cc(evaluator4, hirer2, (postJob(hirer2) THEN apply(candidate6)), (postJob(hirer2) THEN (apply(candidate6) THEN ((positionFilled(hirer2) THEN msgPositionClosed(evaluator4)) OR ((checkPosition(evaluator4) THEN msgPositionClosed(evaluator4)) OR (checkPosition(evaluator4) THEN (screenInterview(evaluator4) THEN (msgRejectionNotice(evaluator4) OR (makeOffer(evaluator4) THEN ((responseYes(candidate6) THEN offerAccepted(evaluator4)) OR (responseNo(candidate6) THEN offerRejected(evaluator4))))))))))), DETACHED)
[10:08:24] - New status: cc(evaluator4, hirer2, (postJob(hirer2) THEN apply(candidate6)), (postJob(hirer2) THEN (apply(candidate6) THEN ((positionFilled(hirer2) THEN msgPositionClosed(evaluator4)) OR ((checkPosition(evaluator4) THEN msgPositionClosed(evaluator4)) OR (checkPosition(evaluator4) THEN (screenInterview(evaluator4) THEN (msgRejectionNotice(evaluator4) OR (makeOffer(evaluator4) THEN ((responseYes(candidate6) THEN offerAccepted(evaluator4)) OR (responseNo(candidate6) THEN offerRejected(evaluator4))))))))))), SATISFIED)
[10:08:24] - Changing status of commitment: cc(evaluator4, candidate6, (postJob(hirer2) THEN apply(candidate6)), (postJob(hirer2) THEN (apply(candidate6) THEN (msgPositionClosed(evaluator4) OR (msgRejectionNotice(evaluator4) OR makeOffer(evaluator4))))), DETACHED)
[10:08:24] - New status: cc(evaluator4, candidate6, (postJob(hirer2) THEN apply(candidate6)), (postJob(hirer2) THEN (apply(candidate6) THEN (msgPositionClosed(evaluator4) OR (msgRejectionNotice(evaluator4) OR makeOffer(evaluator4))))), SATISFIED)
[10:08:24] - Changing status of commitment: cc(candidate6, evaluator4, makeOffer(evaluator4), (makeOffer(evaluator4) THEN (responseYes(candidate6) OR responseNo(candidate6))), CONDITIONAL)
[10:08:24] - New status: cc(candidate6, evaluator4, makeOffer(evaluator4), (makeOffer(evaluator4) THEN (responseYes(candidate6) OR responseNo(candidate6))), TERMINATED)
[10:08:27] - Added fact: makeOffer(evaluator5)
[10:08:27] - Added fact: makeOffer(evaluator5)
[10:08:27] - Changing status of commitment: cc(evaluator5, candidate8, (postJob(hirer2) THEN apply(candidate8)), (postJob(hirer2) THEN (apply(candidate8) THEN (msgPositionClosed(evaluator5) OR (msgRejectionNotice(evaluator5) OR makeOffer(evaluator5))))), DETACHED)
[10:08:27] - New status: cc(evaluator5, candidate8, (postJob(hirer2) THEN apply(candidate8)), (postJob(hirer2) THEN (apply(candidate8) THEN (msgPositionClosed(evaluator5) OR (msgRejectionNotice(evaluator5) OR makeOffer(evaluator5))))), SATISFIED)
[10:08:27] - Changing status of commitment: cc(candidate8, evaluator5, makeOffer(evaluator5), (makeOffer(evaluator5) THEN (responseYes(candidate8) OR responseNo(candidate8))), CONDITIONAL)
[10:08:27] - New status: cc(candidate8, evaluator5, makeOffer(evaluator5), (makeOffer(evaluator5) THEN (responseYes(candidate8) OR responseNo(candidate8))), DETACHED)
[10:08:28] - Added fact: responseYes(candidate8)
[10:08:28] - Added fact: responseYes(candidate8)
[10:08:28] - Changing status of commitment: cc(candidate8, evaluator5, makeOffer(evaluator5), (makeOffer(evaluator5) THEN (responseYes(candidate8) OR responseNo(candidate8))), DETACHED)
[10:08:28] - New status: cc(candidate8, evaluator5, makeOffer(evaluator5), (makeOffer(evaluator5) THEN (responseYes(candidate8) OR responseNo(candidate8))), SATISFIED)
[10:08:32] - Added fact: offerAccepted(evaluator5)
[10:08:32] - Added fact: offerAccepted(evaluator5)
[10:08:32] - Changing status of commitment: cc(evaluator5, hirer2, (postJob(hirer2) THEN apply(candidate8)), (postJob(hirer2) THEN (apply(candidate8) THEN ((positionFilled(hirer2) THEN msgPositionClosed(evaluator5)) OR ((checkPosition(evaluator5) THEN msgPositionClosed(evaluator5)) OR (checkPosition(evaluator5) THEN (screenInterview(evaluator5) THEN (msgRejectionNotice(evaluator5) OR (makeOffer(evaluator5) THEN ((responseYes(candidate8) THEN offerAccepted(evaluator5)) OR (responseNo(candidate8) THEN offerRejected(evaluator5))))))))))), DETACHED)
[10:08:32] - New status: cc(evaluator5, hirer2, (postJob(hirer2) THEN apply(candidate8)), (postJob(hirer2) THEN (apply(candidate8) THEN ((positionFilled(hirer2) THEN msgPositionClosed(evaluator5)) OR ((checkPosition(evaluator5) THEN msgPositionClosed(evaluator5)) OR (checkPosition(evaluator5) THEN (screenInterview(evaluator5) THEN (msgRejectionNotice(evaluator5) OR (makeOffer(evaluator5) THEN ((responseYes(candidate8) THEN offerAccepted(evaluator5)) OR (responseNo(candidate8) THEN offerRejected(evaluator5))))))))))), SATISFIED)
[10:08:32] - Added fact: offerAccepted(evaluator)
[10:08:32] - Changing status of commitment: cc(hirer2, evaluator, offerAccepted(evaluator), (offerAccepted(evaluator) THEN positionFilled(hirer2)), CONDITIONAL)
[10:08:32] - New status: cc(hirer2, evaluator, offerAccepted(evaluator), (offerAccepted(evaluator) THEN positionFilled(hirer2)), DETACHED)
[10:08:32] - Changing status of commitment: cc(hirer2, boss1, (postJob(hirer2) THEN (offerAccepted(evaluator) OR timeout3months(hirer2))), (postJob(hirer2) THEN ((offerAccepted(evaluator) THEN positionFilled(hirer2)) OR (timeout3months(hirer2) THEN positionAbandoned(hirer2)))), CONDITIONAL)
[10:08:32] - New status: cc(hirer2, boss1, (postJob(hirer2) THEN (offerAccepted(evaluator) OR timeout3months(hirer2))), (postJob(hirer2) THEN ((offerAccepted(evaluator) THEN positionFilled(hirer2)) OR (timeout3months(hirer2) THEN positionAbandoned(hirer2)))), DETACHED)
[10:08:37] - Added fact: positionFilled(hirer2)
[10:08:37] - Added fact: positionFilled(hirer2)
[10:08:37] - Changing status of commitment: cc(hirer2, evaluator, offerAccepted(evaluator), (offerAccepted(evaluator) THEN positionFilled(hirer2)), DETACHED)
[10:08:37] - New status: cc(hirer2, evaluator, offerAccepted(evaluator), (offerAccepted(evaluator) THEN positionFilled(hirer2)), SATISFIED)
[10:08:37] - Changing status of commitment: cc(hirer2, boss1, (postJob(hirer2) THEN (offerAccepted(evaluator) OR timeout3months(hirer2))), (postJob(hirer2) THEN ((offerAccepted(evaluator) THEN positionFilled(hirer2)) OR (timeout3months(hirer2) THEN positionAbandoned(hirer2)))), DETACHED)
[10:08:37] - New status: cc(hirer2, boss1, (postJob(hirer2) THEN (offerAccepted(evaluator) OR timeout3months(hirer2))), (postJob(hirer2) THEN ((offerAccepted(evaluator) THEN positionFilled(hirer2)) OR (timeout3months(hirer2) THEN positionAbandoned(hirer2)))), SATISFIED)
